
--- NEW SESSION: 10/01/2024 11:09:30 ---
/GuideCatheter/GeomAlgo.drawColorEdges = 0.4 1 0.298039 1
/GuideCatheter/GeomAlgo.showEdgeIndices = 1
/GuideCatheter/GeomAlgo.showIndicesScale = 0.1
/GuideCatheter/GeomAlgo.showPointIndices = 1
/GuideCatheter/GeomAlgo.drawEdges = 1
/GuideCatheter/GeomAlgo.drawColorEdges = 0.4 1 0.298039 1
/GuideCatheter/GeomAlgo.showEdgeIndices = 1
/GuideCatheter/GeomAlgo.showIndicesScale = 0.1
/GuideCatheter/GeomAlgo.showPointIndices = 1
/GuideCatheter/GeomAlgo.drawEdges = 1
/GuideCatheter/GeomAlgo.drawColorEdges = 0.4 1 0.298039 1
/GuideCatheter/GeomAlgo.showEdgeIndices = 1
/GuideCatheter/GeomAlgo.showIndicesScale = 0.1
/GuideCatheter/GeomAlgo.showPointIndices = 1
/GuideCatheter/GeomAlgo.drawEdges = 1
/BeamModel/CollisionCatheter/TetrahedronSetGeometryAlgorithms.showIndicesScale = 0.1
/BeamModel/CollisionCatheter/TetrahedronSetGeometryAlgorithms.drawColorEdges = 0.4 1 0.298039 1
/BeamModel/CollisionCatheter/TetrahedronSetGeometryAlgorithms.drawColorTriangles = 0.298039 0.498039 0.8 1
/BeamModel/CollisionCatheter/TetrahedronSetGeometryAlgorithms.showEdgeIndices = 1
/BeamModel/CollisionCatheter/TetrahedronSetGeometryAlgorithms.showPointIndices = 1
/BeamModel/CollisionCatheter/TetrahedronSetGeometryAlgorithms.drawEdges = 1
/BeamModel/CollisionCatheter/TetrahedronSetGeometryAlgorithms.drawColorTetrahedra = 1 1 0 1
/BeamModel/CollisionCatheter/TetrahedronSetGeometryAlgorithms.showIndicesScale = 0.1
/BeamModel/CollisionCatheter/TetrahedronSetGeometryAlgorithms.drawColorEdges = 0.4 1 0.298039 1
/BeamModel/CollisionCatheter/TetrahedronSetGeometryAlgorithms.drawColorTriangles = 0.298039 0.498039 0.8 1
/BeamModel/CollisionCatheter/TetrahedronSetGeometryAlgorithms.showEdgeIndices = 1
/BeamModel/CollisionCatheter/TetrahedronSetGeometryAlgorithms.showPointIndices = 1
/BeamModel/CollisionCatheter/TetrahedronSetGeometryAlgorithms.drawEdges = 1
/BeamModel/CollisionCatheter/TetrahedronSetGeometryAlgorithms.drawColorTetrahedra = 1 1 0 1
/BeamModel/CollisionCatheter/TetrahedronSetGeometryAlgorithms.showIndicesScale = 0.1
/BeamModel/CollisionCatheter/TetrahedronSetGeometryAlgorithms.drawColorEdges = 0.4 1 0.298039 1
/BeamModel/CollisionCatheter/TetrahedronSetGeometryAlgorithms.drawColorTriangles = 0.298039 0.498039 0.8 1
/BeamModel/CollisionCatheter/TetrahedronSetGeometryAlgorithms.showEdgeIndices = 1
/BeamModel/CollisionCatheter/TetrahedronSetGeometryAlgorithms.showPointIndices = 1
/BeamModel/CollisionCatheter/TetrahedronSetGeometryAlgorithms.drawEdges = 1
/BeamModel/CollisionCatheter/TetrahedronSetGeometryAlgorithms.drawColorTetrahedra = 1 1 0 1
/BeamModel/CollisionCatheter/QuadSetGeometryAlgorithms.showEdgeIndices = 1
/BeamModel/CollisionCatheter/QuadSetGeometryAlgorithms.drawEdges = 1
/BeamModel/CollisionCatheter/QuadSetGeometryAlgorithms.drawColorQuads = 0 0.4 0.4 1
/BeamModel/CollisionCatheter/QuadSetGeometryAlgorithms.showPointIndices = 1
/BeamModel/CollisionCatheter/QuadSetGeometryAlgorithms.drawColorEdges = 0.4 1 0.298039 1
