-- The C compiler identification is GNU 11.4.0
-- The CXX compiler identification is GNU 11.4.0
-- Detecting C compiler ABI info
-- Detecting C compiler ABI info - done
-- Check for working C compiler: /usr/bin/cc - skipped
-- Detecting C compile features
-- Detecting C compile features - done
-- Detecting CXX compiler ABI info
-- Detecting CXX compiler ABI info - done
-- Check for working CXX compiler: /usr/bin/c++ - skipped
-- Detecting CXX compile features
-- Detecting CXX compile features - done
-- Found ament_cmake: 1.3.7 (/opt/ros/humble/share/ament_cmake/cmake)
-- Found Python3: /home/qubot/.pyenv/versions/3.10.13/bin/python3.10 (found version "3.10.13") found components: Interpreter 
-- Override CMake install command with custom implementation using symlinks instead of copying resources
-- Found rosidl_default_generators: 1.2.0 (/opt/ros/humble/share/rosidl_default_generators/cmake)
-- Using all available rosidl_typesupport_c: rosidl_typesupport_fastrtps_c;rosidl_typesupport_introspection_c
-- Found rosidl_adapter: 3.1.5 (/opt/ros/humble/share/rosidl_adapter/cmake)
-- Using all available rosidl_typesupport_cpp: rosidl_typesupport_fastrtps_cpp;rosidl_typesupport_introspection_cpp
-- Found ament_cmake_ros: 0.10.0 (/opt/ros/humble/share/ament_cmake_ros/cmake)
-- Using all available rosidl_typesupport_c: rosidl_typesupport_fastrtps_c;rosidl_typesupport_introspection_c
-- Using all available rosidl_typesupport_cpp: rosidl_typesupport_fastrtps_cpp;rosidl_typesupport_introspection_cpp
-- Found PythonInterp: /home/qubot/.pyenv/versions/3.10.13/bin/python3 (found suitable version "3.10.13", minimum required is "3.6") 
-- Found python_cmake_module: 0.10.0 (/opt/ros/humble/share/python_cmake_module/cmake)
-- Found PythonLibs: /home/qubot/.pyenv/versions/3.10.13/lib/libpython3.10.so (found suitable version "3.10.13", minimum required is "3.5") 
-- Using PYTHON_EXECUTABLE: /home/qubot/.pyenv/versions/3.10.13/bin/python3
-- Using PYTHON_INCLUDE_DIRS: /home/qubot/.pyenv/versions/3.10.13/include/python3.10
-- Using PYTHON_LIBRARIES: /home/qubot/.pyenv/versions/3.10.13/lib/libpython3.10.so
-- Found PythonExtra: .so  
-- Using numpy include directory: /home/qubot/.pyenv/versions/3.10.13/lib/python3.10/site-packages/numpy/core/include
-- Found ament_lint_auto: 0.12.10 (/opt/ros/humble/share/ament_lint_auto/cmake)
-- Added test 'lint_cmake' to check CMake code style
-- Added test 'xmllint' to check XML markup files
-- Configuring done
[33mCMake Warning at /opt/ros/humble/share/rosidl_generator_py/cmake/rosidl_generator_py_generate_interfaces.cmake:166 (add_library):
  Cannot generate a safe runtime search path for target
  action_interfaces__rosidl_generator_py because files in some directories
  may conflict with libraries in implicit directories:

    runtime library [libpython3.10.so.1.0] in /usr/lib/x86_64-linux-gnu may be hidden by files in:
      /home/qubot/.pyenv/versions/3.10.13/lib

  Some of these libraries may not be found correctly.
Call Stack (most recent call first):
  /opt/ros/humble/share/ament_cmake_core/cmake/core/ament_execute_extensions.cmake:48 (include)
  /opt/ros/humble/share/rosidl_cmake/cmake/rosidl_generate_interfaces.cmake:286 (ament_execute_extensions)
  CMakeLists.txt:15 (rosidl_generate_interfaces)

[0m
[33mCMake Warning at /opt/ros/humble/share/rosidl_generator_py/cmake/rosidl_generator_py_generate_interfaces.cmake:226 (add_library):
  Cannot generate a safe runtime search path for target
  action_interfaces__rosidl_typesupport_fastrtps_c__pyext because files in
  some directories may conflict with libraries in implicit directories:

    runtime library [libpython3.10.so.1.0] in /usr/lib/x86_64-linux-gnu may be hidden by files in:
      /home/qubot/.pyenv/versions/3.10.13/lib

  Some of these libraries may not be found correctly.
Call Stack (most recent call first):
  /opt/ros/humble/share/ament_cmake_core/cmake/core/ament_execute_extensions.cmake:48 (include)
  /opt/ros/humble/share/rosidl_cmake/cmake/rosidl_generate_interfaces.cmake:286 (ament_execute_extensions)
  CMakeLists.txt:15 (rosidl_generate_interfaces)

[0m
[33mCMake Warning at /opt/ros/humble/share/rosidl_generator_py/cmake/rosidl_generator_py_generate_interfaces.cmake:226 (add_library):
  Cannot generate a safe runtime search path for target
  action_interfaces__rosidl_typesupport_introspection_c__pyext because files
  in some directories may conflict with libraries in implicit directories:

    runtime library [libpython3.10.so.1.0] in /usr/lib/x86_64-linux-gnu may be hidden by files in:
      /home/qubot/.pyenv/versions/3.10.13/lib

  Some of these libraries may not be found correctly.
Call Stack (most recent call first):
  /opt/ros/humble/share/ament_cmake_core/cmake/core/ament_execute_extensions.cmake:48 (include)
  /opt/ros/humble/share/rosidl_cmake/cmake/rosidl_generate_interfaces.cmake:286 (ament_execute_extensions)
  CMakeLists.txt:15 (rosidl_generate_interfaces)

[0m
[33mCMake Warning at /opt/ros/humble/share/rosidl_generator_py/cmake/rosidl_generator_py_generate_interfaces.cmake:226 (add_library):
  Cannot generate a safe runtime search path for target
  action_interfaces__rosidl_typesupport_c__pyext because files in some
  directories may conflict with libraries in implicit directories:

    runtime library [libpython3.10.so.1.0] in /usr/lib/x86_64-linux-gnu may be hidden by files in:
      /home/qubot/.pyenv/versions/3.10.13/lib

  Some of these libraries may not be found correctly.
Call Stack (most recent call first):
  /opt/ros/humble/share/ament_cmake_core/cmake/core/ament_execute_extensions.cmake:48 (include)
  /opt/ros/humble/share/rosidl_cmake/cmake/rosidl_generate_interfaces.cmake:286 (ament_execute_extensions)
  CMakeLists.txt:15 (rosidl_generate_interfaces)

[0m
-- Generating done
-- Build files have been written to: /home/qubot/ros2_ws/build/action_interfaces
[  2%] [34m[1mGenerating C code for ROS interfaces[0m
[  4%] [34m[1mGenerating C++ code for ROS interfaces[0m
[  4%] Built target ament_cmake_python_symlink_action_interfaces
running egg_info
creating action_interfaces.egg-info
writing action_interfaces.egg-info/PKG-INFO
writing dependency_links to action_interfaces.egg-info/dependency_links.txt
writing top-level names to action_interfaces.egg-info/top_level.txt
writing manifest file 'action_interfaces.egg-info/SOURCES.txt'
reading manifest file 'action_interfaces.egg-info/SOURCES.txt'
writing manifest file 'action_interfaces.egg-info/SOURCES.txt'
[  4%] Built target ament_cmake_python_build_action_interfaces_egg
[  4%] Built target action_interfaces__cpp
[  8%] [34m[1mGenerating C++ type support dispatch for ROS interfaces[0m
[  8%] [34m[1mGenerating C++ introspection for ROS interfaces[0m
[ 10%] [34m[1mGenerating C++ type support for eProsima Fast-RTPS[0m
[ 12%] [32mBuilding C object CMakeFiles/action_interfaces__rosidl_generator_c.dir/rosidl_generator_c/action_interfaces/action/detail/fibonacci__functions.c.o[0m
[ 17%] [32mBuilding C object CMakeFiles/action_interfaces__rosidl_generator_c.dir/rosidl_generator_c/action_interfaces/msg/detail/magnetic_spherical__functions.c.o[0m
[ 17%] [32mBuilding C object CMakeFiles/action_interfaces__rosidl_generator_c.dir/rosidl_generator_c/action_interfaces/action/detail/count_until__functions.c.o[0m
[ 19%] [32m[1mLinking C shared library libaction_interfaces__rosidl_generator_c.so[0m
[ 19%] Built target action_interfaces__rosidl_generator_c
[ 21%] [34m[1mGenerating C type support for eProsima Fast-RTPS[0m
[ 25%] [34m[1mGenerating C type support dispatch for ROS interfaces[0m
[ 25%] [34m[1mGenerating C introspection for ROS interfaces[0m
[ 27%] [32mBuilding CXX object CMakeFiles/action_interfaces__rosidl_typesupport_cpp.dir/rosidl_typesupport_cpp/action_interfaces/action/fibonacci__type_support.cpp.o[0m
[ 31%] [32mBuilding CXX object CMakeFiles/action_interfaces__rosidl_typesupport_cpp.dir/rosidl_typesupport_cpp/action_interfaces/msg/magnetic_spherical__type_support.cpp.o[0m
[ 31%] [32mBuilding CXX object CMakeFiles/action_interfaces__rosidl_typesupport_cpp.dir/rosidl_typesupport_cpp/action_interfaces/action/count_until__type_support.cpp.o[0m
[ 38%] [32mBuilding CXX object CMakeFiles/action_interfaces__rosidl_typesupport_introspection_cpp.dir/rosidl_typesupport_introspection_cpp/action_interfaces/action/detail/fibonacci__type_support.cpp.o[0m
[ 38%] [32mBuilding CXX object CMakeFiles/action_interfaces__rosidl_typesupport_introspection_cpp.dir/rosidl_typesupport_introspection_cpp/action_interfaces/action/detail/count_until__type_support.cpp.o[0m
[ 38%] [32mBuilding CXX object CMakeFiles/action_interfaces__rosidl_typesupport_introspection_cpp.dir/rosidl_typesupport_introspection_cpp/action_interfaces/msg/detail/magnetic_spherical__type_support.cpp.o[0m
[ 40%] [32mBuilding CXX object CMakeFiles/action_interfaces__rosidl_typesupport_fastrtps_cpp.dir/rosidl_typesupport_fastrtps_cpp/action_interfaces/action/detail/dds_fastrtps/fibonacci__type_support.cpp.o[0m
[ 42%] [32mBuilding CXX object CMakeFiles/action_interfaces__rosidl_typesupport_fastrtps_cpp.dir/rosidl_typesupport_fastrtps_cpp/action_interfaces/msg/detail/dds_fastrtps/magnetic_spherical__type_support.cpp.o[0m
[ 44%] [32mBuilding CXX object CMakeFiles/action_interfaces__rosidl_typesupport_fastrtps_cpp.dir/rosidl_typesupport_fastrtps_cpp/action_interfaces/action/detail/dds_fastrtps/count_until__type_support.cpp.o[0m
[ 46%] [32mBuilding CXX object CMakeFiles/action_interfaces__rosidl_typesupport_fastrtps_c.dir/rosidl_typesupport_fastrtps_c/action_interfaces/action/detail/fibonacci__type_support_c.cpp.o[0m
[ 51%] [32mBuilding CXX object CMakeFiles/action_interfaces__rosidl_typesupport_fastrtps_c.dir/rosidl_typesupport_fastrtps_c/action_interfaces/action/detail/count_until__type_support_c.cpp.o[0m
[ 51%] [32mBuilding CXX object CMakeFiles/action_interfaces__rosidl_typesupport_fastrtps_c.dir/rosidl_typesupport_fastrtps_c/action_interfaces/msg/detail/magnetic_spherical__type_support_c.cpp.o[0m
[ 53%] [32mBuilding CXX object CMakeFiles/action_interfaces__rosidl_typesupport_c.dir/rosidl_typesupport_c/action_interfaces/action/fibonacci__type_support.cpp.o[0m
[ 55%] [32mBuilding CXX object CMakeFiles/action_interfaces__rosidl_typesupport_c.dir/rosidl_typesupport_c/action_interfaces/msg/magnetic_spherical__type_support.cpp.o[0m
[ 57%] [32mBuilding CXX object CMakeFiles/action_interfaces__rosidl_typesupport_c.dir/rosidl_typesupport_c/action_interfaces/action/count_until__type_support.cpp.o[0m
[ 59%] [32m[1mLinking CXX shared library libaction_interfaces__rosidl_typesupport_c.so[0m
[ 61%] [32m[1mLinking CXX shared library libaction_interfaces__rosidl_typesupport_cpp.so[0m
[ 61%] Built target action_interfaces__rosidl_typesupport_c
[ 61%] Built target action_interfaces__rosidl_typesupport_cpp
[ 63%] [32m[1mLinking CXX shared library libaction_interfaces__rosidl_typesupport_fastrtps_cpp.so[0m
[ 63%] Built target action_interfaces__rosidl_typesupport_fastrtps_cpp
[ 65%] [32m[1mLinking CXX shared library libaction_interfaces__rosidl_typesupport_fastrtps_c.so[0m
[ 68%] [32m[1mLinking CXX shared library libaction_interfaces__rosidl_typesupport_introspection_cpp.so[0m
[ 68%] Built target action_interfaces__rosidl_typesupport_fastrtps_c
[ 72%] [32mBuilding C object CMakeFiles/action_interfaces__rosidl_typesupport_introspection_c.dir/rosidl_typesupport_introspection_c/action_interfaces/action/detail/fibonacci__type_support.c.o[0m
[ 72%] [32mBuilding C object CMakeFiles/action_interfaces__rosidl_typesupport_introspection_c.dir/rosidl_typesupport_introspection_c/action_interfaces/action/detail/count_until__type_support.c.o[0m
[ 74%] [32mBuilding C object CMakeFiles/action_interfaces__rosidl_typesupport_introspection_c.dir/rosidl_typesupport_introspection_c/action_interfaces/msg/detail/magnetic_spherical__type_support.c.o[0m
[ 74%] Built target action_interfaces__rosidl_typesupport_introspection_cpp
[ 76%] [32m[1mLinking C shared library libaction_interfaces__rosidl_typesupport_introspection_c.so[0m
[ 76%] Built target action_interfaces__rosidl_typesupport_introspection_c
[ 76%] Built target action_interfaces
[ 78%] [34m[1mGenerating Python code for ROS interfaces[0m
[ 78%] Built target action_interfaces__py
[ 80%] [32mBuilding C object CMakeFiles/action_interfaces__rosidl_generator_py.dir/rosidl_generator_py/action_interfaces/action/_fibonacci_s.c.o[0m
[ 85%] [32mBuilding C object CMakeFiles/action_interfaces__rosidl_generator_py.dir/rosidl_generator_py/action_interfaces/msg/_magnetic_spherical_s.c.o[0m
[ 85%] [32mBuilding C object CMakeFiles/action_interfaces__rosidl_generator_py.dir/rosidl_generator_py/action_interfaces/action/_count_until_s.c.o[0m
[ 87%] [32m[1mLinking C shared library rosidl_generator_py/action_interfaces/libaction_interfaces__rosidl_generator_py.so[0m
[ 87%] Built target action_interfaces__rosidl_generator_py
[ 91%] [32mBuilding C object CMakeFiles/action_interfaces__rosidl_typesupport_fastrtps_c__pyext.dir/rosidl_generator_py/action_interfaces/_action_interfaces_s.ep.rosidl_typesupport_fastrtps_c.c.o[0m
[ 91%] [32mBuilding C object CMakeFiles/action_interfaces__rosidl_typesupport_introspection_c__pyext.dir/rosidl_generator_py/action_interfaces/_action_interfaces_s.ep.rosidl_typesupport_introspection_c.c.o[0m
[ 93%] [32mBuilding C object CMakeFiles/action_interfaces__rosidl_typesupport_c__pyext.dir/rosidl_generator_py/action_interfaces/_action_interfaces_s.ep.rosidl_typesupport_c.c.o[0m
[ 95%] [32m[1mLinking C shared library rosidl_generator_py/action_interfaces/action_interfaces_s__rosidl_typesupport_c.cpython-310-x86_64-linux-gnu.so[0m
[ 97%] [32m[1mLinking C shared library rosidl_generator_py/action_interfaces/action_interfaces_s__rosidl_typesupport_fastrtps_c.cpython-310-x86_64-linux-gnu.so[0m
[100%] [32m[1mLinking C shared library rosidl_generator_py/action_interfaces/action_interfaces_s__rosidl_typesupport_introspection_c.cpython-310-x86_64-linux-gnu.so[0m
[100%] Built target action_interfaces__rosidl_typesupport_c__pyext
[100%] Built target action_interfaces__rosidl_typesupport_introspection_c__pyext
[100%] Built target action_interfaces__rosidl_typesupport_fastrtps_c__pyext
-- Install configuration: ""
-- Execute custom install script
-- Symlinking: /home/qubot/ros2_ws/install/action_interfaces/share/ament_index/resource_index/rosidl_interfaces/action_interfaces
-- Symlinking: /home/qubot/ros2_ws/install/action_interfaces/include/action_interfaces/action_interfaces/action/count_until.h
-- Symlinking: /home/qubot/ros2_ws/install/action_interfaces/include/action_interfaces/action_interfaces/action/detail/count_until__functions.h
-- Symlinking: /home/qubot/ros2_ws/install/action_interfaces/include/action_interfaces/action_interfaces/action/detail/count_until__struct.h
-- Symlinking: /home/qubot/ros2_ws/install/action_interfaces/include/action_interfaces/action_interfaces/action/detail/count_until__type_support.h
-- Symlinking: /home/qubot/ros2_ws/install/action_interfaces/include/action_interfaces/action_interfaces/action/detail/fibonacci__functions.h
-- Symlinking: /home/qubot/ros2_ws/install/action_interfaces/include/action_interfaces/action_interfaces/action/detail/fibonacci__struct.h
-- Symlinking: /home/qubot/ros2_ws/install/action_interfaces/include/action_interfaces/action_interfaces/action/detail/fibonacci__type_support.h
-- Symlinking: /home/qubot/ros2_ws/install/action_interfaces/include/action_interfaces/action_interfaces/action/fibonacci.h
-- Symlinking: /home/qubot/ros2_ws/install/action_interfaces/include/action_interfaces/action_interfaces/msg/detail/magnetic_spherical__functions.h
-- Symlinking: /home/qubot/ros2_ws/install/action_interfaces/include/action_interfaces/action_interfaces/msg/detail/magnetic_spherical__struct.h
-- Symlinking: /home/qubot/ros2_ws/install/action_interfaces/include/action_interfaces/action_interfaces/msg/detail/magnetic_spherical__type_support.h
-- Symlinking: /home/qubot/ros2_ws/install/action_interfaces/include/action_interfaces/action_interfaces/msg/magnetic_spherical.h
-- Symlinking: /home/qubot/ros2_ws/install/action_interfaces/include/action_interfaces/action_interfaces/msg/rosidl_generator_c__visibility_control.h
-- Symlinking: /home/qubot/ros2_ws/install/action_interfaces/share/action_interfaces/environment/library_path.sh
-- Symlinking: /home/qubot/ros2_ws/install/action_interfaces/share/action_interfaces/environment/library_path.dsv
-- Symlinking: /home/qubot/ros2_ws/install/action_interfaces/include/action_interfaces/action_interfaces/action/detail/count_until__rosidl_typesupport_fastrtps_c.h
-- Symlinking: /home/qubot/ros2_ws/install/action_interfaces/include/action_interfaces/action_interfaces/action/detail/fibonacci__rosidl_typesupport_fastrtps_c.h
-- Symlinking: /home/qubot/ros2_ws/install/action_interfaces/include/action_interfaces/action_interfaces/msg/detail/magnetic_spherical__rosidl_typesupport_fastrtps_c.h
-- Symlinking: /home/qubot/ros2_ws/install/action_interfaces/include/action_interfaces/action_interfaces/msg/rosidl_typesupport_fastrtps_c__visibility_control.h
-- Symlinking: /home/qubot/ros2_ws/install/action_interfaces/include/action_interfaces/action_interfaces/action/detail/count_until__rosidl_typesupport_introspection_c.h
-- Symlinking: /home/qubot/ros2_ws/install/action_interfaces/include/action_interfaces/action_interfaces/action/detail/fibonacci__rosidl_typesupport_introspection_c.h
-- Symlinking: /home/qubot/ros2_ws/install/action_interfaces/include/action_interfaces/action_interfaces/msg/detail/magnetic_spherical__rosidl_typesupport_introspection_c.h
-- Symlinking: /home/qubot/ros2_ws/install/action_interfaces/include/action_interfaces/action_interfaces/msg/rosidl_typesupport_introspection_c__visibility_control.h
-- Symlinking: /home/qubot/ros2_ws/install/action_interfaces/include/action_interfaces/action_interfaces/action/count_until.hpp
-- Symlinking: /home/qubot/ros2_ws/install/action_interfaces/include/action_interfaces/action_interfaces/action/detail/count_until__builder.hpp
-- Symlinking: /home/qubot/ros2_ws/install/action_interfaces/include/action_interfaces/action_interfaces/action/detail/count_until__struct.hpp
-- Symlinking: /home/qubot/ros2_ws/install/action_interfaces/include/action_interfaces/action_interfaces/action/detail/count_until__traits.hpp
-- Symlinking: /home/qubot/ros2_ws/install/action_interfaces/include/action_interfaces/action_interfaces/action/detail/fibonacci__builder.hpp
-- Symlinking: /home/qubot/ros2_ws/install/action_interfaces/include/action_interfaces/action_interfaces/action/detail/fibonacci__struct.hpp
-- Symlinking: /home/qubot/ros2_ws/install/action_interfaces/include/action_interfaces/action_interfaces/action/detail/fibonacci__traits.hpp
-- Symlinking: /home/qubot/ros2_ws/install/action_interfaces/include/action_interfaces/action_interfaces/action/fibonacci.hpp
-- Symlinking: /home/qubot/ros2_ws/install/action_interfaces/include/action_interfaces/action_interfaces/msg/detail/magnetic_spherical__builder.hpp
-- Symlinking: /home/qubot/ros2_ws/install/action_interfaces/include/action_interfaces/action_interfaces/msg/detail/magnetic_spherical__struct.hpp
-- Symlinking: /home/qubot/ros2_ws/install/action_interfaces/include/action_interfaces/action_interfaces/msg/detail/magnetic_spherical__traits.hpp
-- Symlinking: /home/qubot/ros2_ws/install/action_interfaces/include/action_interfaces/action_interfaces/msg/magnetic_spherical.hpp
-- Symlinking: /home/qubot/ros2_ws/install/action_interfaces/include/action_interfaces/action_interfaces/action/detail/count_until__rosidl_typesupport_fastrtps_cpp.hpp
-- Symlinking: /home/qubot/ros2_ws/install/action_interfaces/include/action_interfaces/action_interfaces/action/detail/fibonacci__rosidl_typesupport_fastrtps_cpp.hpp
-- Symlinking: /home/qubot/ros2_ws/install/action_interfaces/include/action_interfaces/action_interfaces/msg/detail/magnetic_spherical__rosidl_typesupport_fastrtps_cpp.hpp
-- Symlinking: /home/qubot/ros2_ws/install/action_interfaces/include/action_interfaces/action_interfaces/msg/rosidl_typesupport_fastrtps_cpp__visibility_control.h
-- Symlinking: /home/qubot/ros2_ws/install/action_interfaces/include/action_interfaces/action_interfaces/action/detail/count_until__rosidl_typesupport_introspection_cpp.hpp
-- Symlinking: /home/qubot/ros2_ws/install/action_interfaces/include/action_interfaces/action_interfaces/action/detail/fibonacci__rosidl_typesupport_introspection_cpp.hpp
-- Symlinking: /home/qubot/ros2_ws/install/action_interfaces/include/action_interfaces/action_interfaces/msg/detail/magnetic_spherical__rosidl_typesupport_introspection_cpp.hpp
-- Symlinking: /home/qubot/ros2_ws/install/action_interfaces/share/action_interfaces/environment/pythonpath.sh
-- Symlinking: /home/qubot/ros2_ws/install/action_interfaces/share/action_interfaces/environment/pythonpath.dsv
-- Symlinking: /home/qubot/ros2_ws/install/action_interfaces/lib/python3.10/site-packages/action_interfaces-0.0.0-py3.10.egg-info/PKG-INFO
-- Symlinking: /home/qubot/ros2_ws/install/action_interfaces/lib/python3.10/site-packages/action_interfaces-0.0.0-py3.10.egg-info/SOURCES.txt
-- Symlinking: /home/qubot/ros2_ws/install/action_interfaces/lib/python3.10/site-packages/action_interfaces-0.0.0-py3.10.egg-info/dependency_links.txt
-- Symlinking: /home/qubot/ros2_ws/install/action_interfaces/lib/python3.10/site-packages/action_interfaces-0.0.0-py3.10.egg-info/top_level.txt
-- Symlinking: /home/qubot/ros2_ws/install/action_interfaces/lib/python3.10/site-packages/action_interfaces/__init__.py
-- Symlinking: /home/qubot/ros2_ws/install/action_interfaces/lib/python3.10/site-packages/action_interfaces/_action_interfaces_s.ep.rosidl_typesupport_c.c
-- Symlinking: /home/qubot/ros2_ws/install/action_interfaces/lib/python3.10/site-packages/action_interfaces/_action_interfaces_s.ep.rosidl_typesupport_fastrtps_c.c
-- Symlinking: /home/qubot/ros2_ws/install/action_interfaces/lib/python3.10/site-packages/action_interfaces/_action_interfaces_s.ep.rosidl_typesupport_introspection_c.c
-- Symlinking: /home/qubot/ros2_ws/install/action_interfaces/lib/python3.10/site-packages/action_interfaces/action/__init__.py
-- Symlinking: /home/qubot/ros2_ws/install/action_interfaces/lib/python3.10/site-packages/action_interfaces/action/_count_until.py
-- Symlinking: /home/qubot/ros2_ws/install/action_interfaces/lib/python3.10/site-packages/action_interfaces/action/_count_until_s.c
-- Symlinking: /home/qubot/ros2_ws/install/action_interfaces/lib/python3.10/site-packages/action_interfaces/action/_fibonacci.py
-- Symlinking: /home/qubot/ros2_ws/install/action_interfaces/lib/python3.10/site-packages/action_interfaces/action/_fibonacci_s.c
-- Symlinking: /home/qubot/ros2_ws/install/action_interfaces/lib/python3.10/site-packages/action_interfaces/action_interfaces_s__rosidl_typesupport_c.cpython-310-x86_64-linux-gnu.so
-- Symlinking: /home/qubot/ros2_ws/install/action_interfaces/lib/python3.10/site-packages/action_interfaces/action_interfaces_s__rosidl_typesupport_fastrtps_c.cpython-310-x86_64-linux-gnu.so
-- Symlinking: /home/qubot/ros2_ws/install/action_interfaces/lib/python3.10/site-packages/action_interfaces/action_interfaces_s__rosidl_typesupport_introspection_c.cpython-310-x86_64-linux-gnu.so
-- Symlinking: /home/qubot/ros2_ws/install/action_interfaces/lib/python3.10/site-packages/action_interfaces/libaction_interfaces__rosidl_generator_py.so
-- Symlinking: /home/qubot/ros2_ws/install/action_interfaces/lib/python3.10/site-packages/action_interfaces/msg/__init__.py
-- Symlinking: /home/qubot/ros2_ws/install/action_interfaces/lib/python3.10/site-packages/action_interfaces/msg/_magnetic_spherical.py
-- Symlinking: /home/qubot/ros2_ws/install/action_interfaces/lib/python3.10/site-packages/action_interfaces/msg/_magnetic_spherical_s.c
-- Up-to-date symlink: /home/qubot/ros2_ws/install/action_interfaces/lib/python3.10/site-packages/action_interfaces/action_interfaces_s__rosidl_typesupport_fastrtps_c.cpython-310-x86_64-linux-gnu.so
-- Up-to-date symlink: /home/qubot/ros2_ws/install/action_interfaces/lib/python3.10/site-packages/action_interfaces/action_interfaces_s__rosidl_typesupport_introspection_c.cpython-310-x86_64-linux-gnu.so
-- Up-to-date symlink: /home/qubot/ros2_ws/install/action_interfaces/lib/python3.10/site-packages/action_interfaces/action_interfaces_s__rosidl_typesupport_c.cpython-310-x86_64-linux-gnu.so
-- Symlinking: /home/qubot/ros2_ws/install/action_interfaces/share/action_interfaces/action/Fibonacci.idl
-- Symlinking: /home/qubot/ros2_ws/install/action_interfaces/share/action_interfaces/action/CountUntil.idl
-- Symlinking: /home/qubot/ros2_ws/install/action_interfaces/share/action_interfaces/msg/MagneticSpherical.idl
-- Symlinking: /home/qubot/ros2_ws/install/action_interfaces/share/action_interfaces/action/Fibonacci.action
-- Symlinking: /home/qubot/ros2_ws/install/action_interfaces/share/action_interfaces/action/CountUntil.action
-- Symlinking: /home/qubot/ros2_ws/install/action_interfaces/share/action_interfaces/msg/MagneticSpherical.msg
-- Symlinking: /home/qubot/ros2_ws/install/action_interfaces/share/ament_index/resource_index/package_run_dependencies/action_interfaces
-- Symlinking: /home/qubot/ros2_ws/install/action_interfaces/share/ament_index/resource_index/parent_prefix_path/action_interfaces
-- Symlinking: /home/qubot/ros2_ws/install/action_interfaces/share/action_interfaces/environment/ament_prefix_path.sh
-- Symlinking: /home/qubot/ros2_ws/install/action_interfaces/share/action_interfaces/environment/ament_prefix_path.dsv
-- Symlinking: /home/qubot/ros2_ws/install/action_interfaces/share/action_interfaces/environment/path.sh
-- Symlinking: /home/qubot/ros2_ws/install/action_interfaces/share/action_interfaces/environment/path.dsv
-- Symlinking: /home/qubot/ros2_ws/install/action_interfaces/share/action_interfaces/local_setup.bash
-- Symlinking: /home/qubot/ros2_ws/install/action_interfaces/share/action_interfaces/local_setup.sh
-- Symlinking: /home/qubot/ros2_ws/install/action_interfaces/share/action_interfaces/local_setup.zsh
-- Symlinking: /home/qubot/ros2_ws/install/action_interfaces/share/action_interfaces/local_setup.dsv
-- Symlinking: /home/qubot/ros2_ws/install/action_interfaces/share/action_interfaces/package.dsv
-- Symlinking: /home/qubot/ros2_ws/install/action_interfaces/share/ament_index/resource_index/packages/action_interfaces
-- Symlinking: /home/qubot/ros2_ws/install/action_interfaces/share/action_interfaces/cmake/rosidl_cmake-extras.cmake
-- Symlinking: /home/qubot/ros2_ws/install/action_interfaces/share/action_interfaces/cmake/ament_cmake_export_dependencies-extras.cmake
-- Symlinking: /home/qubot/ros2_ws/install/action_interfaces/share/action_interfaces/cmake/ament_cmake_export_include_directories-extras.cmake
-- Symlinking: /home/qubot/ros2_ws/install/action_interfaces/share/action_interfaces/cmake/ament_cmake_export_libraries-extras.cmake
-- Symlinking: /home/qubot/ros2_ws/install/action_interfaces/share/action_interfaces/cmake/ament_cmake_export_targets-extras.cmake
-- Symlinking: /home/qubot/ros2_ws/install/action_interfaces/share/action_interfaces/cmake/rosidl_cmake_export_typesupport_targets-extras.cmake
-- Symlinking: /home/qubot/ros2_ws/install/action_interfaces/share/action_interfaces/cmake/rosidl_cmake_export_typesupport_libraries-extras.cmake
-- Symlinking: /home/qubot/ros2_ws/install/action_interfaces/share/action_interfaces/cmake/action_interfacesConfig.cmake
-- Symlinking: /home/qubot/ros2_ws/install/action_interfaces/share/action_interfaces/cmake/action_interfacesConfig-version.cmake
-- Symlinking: /home/qubot/ros2_ws/install/action_interfaces/share/action_interfaces/package.xml
-- Installing: /home/qubot/ros2_ws/install/action_interfaces/lib/libaction_interfaces__rosidl_generator_c.so
-- Set runtime path of "/home/qubot/ros2_ws/install/action_interfaces/lib/libaction_interfaces__rosidl_generator_c.so" to ""
-- Installing: /home/qubot/ros2_ws/install/action_interfaces/lib/libaction_interfaces__rosidl_typesupport_fastrtps_c.so
-- Set runtime path of "/home/qubot/ros2_ws/install/action_interfaces/lib/libaction_interfaces__rosidl_typesupport_fastrtps_c.so" to ""
-- Installing: /home/qubot/ros2_ws/install/action_interfaces/lib/libaction_interfaces__rosidl_typesupport_introspection_c.so
-- Set runtime path of "/home/qubot/ros2_ws/install/action_interfaces/lib/libaction_interfaces__rosidl_typesupport_introspection_c.so" to ""
-- Installing: /home/qubot/ros2_ws/install/action_interfaces/lib/libaction_interfaces__rosidl_typesupport_c.so
-- Set runtime path of "/home/qubot/ros2_ws/install/action_interfaces/lib/libaction_interfaces__rosidl_typesupport_c.so" to ""
-- Installing: /home/qubot/ros2_ws/install/action_interfaces/lib/libaction_interfaces__rosidl_typesupport_fastrtps_cpp.so
-- Set runtime path of "/home/qubot/ros2_ws/install/action_interfaces/lib/libaction_interfaces__rosidl_typesupport_fastrtps_cpp.so" to ""
-- Installing: /home/qubot/ros2_ws/install/action_interfaces/lib/libaction_interfaces__rosidl_typesupport_introspection_cpp.so
-- Set runtime path of "/home/qubot/ros2_ws/install/action_interfaces/lib/libaction_interfaces__rosidl_typesupport_introspection_cpp.so" to ""
-- Installing: /home/qubot/ros2_ws/install/action_interfaces/lib/libaction_interfaces__rosidl_typesupport_cpp.so
-- Set runtime path of "/home/qubot/ros2_ws/install/action_interfaces/lib/libaction_interfaces__rosidl_typesupport_cpp.so" to ""
Listing '/home/qubot/ros2_ws/install/action_interfaces/lib/python3.10/site-packages/action_interfaces'...
Compiling '/home/qubot/ros2_ws/install/action_interfaces/lib/python3.10/site-packages/action_interfaces/__init__.py'...
Listing '/home/qubot/ros2_ws/install/action_interfaces/lib/python3.10/site-packages/action_interfaces/action'...
Compiling '/home/qubot/ros2_ws/install/action_interfaces/lib/python3.10/site-packages/action_interfaces/action/__init__.py'...
Compiling '/home/qubot/ros2_ws/install/action_interfaces/lib/python3.10/site-packages/action_interfaces/action/_count_until.py'...
Compiling '/home/qubot/ros2_ws/install/action_interfaces/lib/python3.10/site-packages/action_interfaces/action/_fibonacci.py'...
Listing '/home/qubot/ros2_ws/install/action_interfaces/lib/python3.10/site-packages/action_interfaces/msg'...
Compiling '/home/qubot/ros2_ws/install/action_interfaces/lib/python3.10/site-packages/action_interfaces/msg/__init__.py'...
Compiling '/home/qubot/ros2_ws/install/action_interfaces/lib/python3.10/site-packages/action_interfaces/msg/_magnetic_spherical.py'...
-- Installing: /home/qubot/ros2_ws/install/action_interfaces/lib/libaction_interfaces__rosidl_generator_py.so
-- Set runtime path of "/home/qubot/ros2_ws/install/action_interfaces/lib/libaction_interfaces__rosidl_generator_py.so" to ""
-- Installing: /home/qubot/ros2_ws/install/action_interfaces/share/action_interfaces/cmake/export_action_interfaces__rosidl_generator_cExport.cmake
-- Installing: /home/qubot/ros2_ws/install/action_interfaces/share/action_interfaces/cmake/export_action_interfaces__rosidl_generator_cExport-noconfig.cmake
-- Installing: /home/qubot/ros2_ws/install/action_interfaces/share/action_interfaces/cmake/export_action_interfaces__rosidl_typesupport_fastrtps_cExport.cmake
-- Installing: /home/qubot/ros2_ws/install/action_interfaces/share/action_interfaces/cmake/export_action_interfaces__rosidl_typesupport_fastrtps_cExport-noconfig.cmake
-- Installing: /home/qubot/ros2_ws/install/action_interfaces/share/action_interfaces/cmake/action_interfaces__rosidl_typesupport_introspection_cExport.cmake
-- Installing: /home/qubot/ros2_ws/install/action_interfaces/share/action_interfaces/cmake/action_interfaces__rosidl_typesupport_introspection_cExport-noconfig.cmake
-- Installing: /home/qubot/ros2_ws/install/action_interfaces/share/action_interfaces/cmake/action_interfaces__rosidl_typesupport_cExport.cmake
-- Installing: /home/qubot/ros2_ws/install/action_interfaces/share/action_interfaces/cmake/action_interfaces__rosidl_typesupport_cExport-noconfig.cmake
-- Installing: /home/qubot/ros2_ws/install/action_interfaces/share/action_interfaces/cmake/export_action_interfaces__rosidl_generator_cppExport.cmake
-- Installing: /home/qubot/ros2_ws/install/action_interfaces/share/action_interfaces/cmake/export_action_interfaces__rosidl_typesupport_fastrtps_cppExport.cmake
-- Installing: /home/qubot/ros2_ws/install/action_interfaces/share/action_interfaces/cmake/export_action_interfaces__rosidl_typesupport_fastrtps_cppExport-noconfig.cmake
-- Installing: /home/qubot/ros2_ws/install/action_interfaces/share/action_interfaces/cmake/action_interfaces__rosidl_typesupport_introspection_cppExport.cmake
-- Installing: /home/qubot/ros2_ws/install/action_interfaces/share/action_interfaces/cmake/action_interfaces__rosidl_typesupport_introspection_cppExport-noconfig.cmake
-- Installing: /home/qubot/ros2_ws/install/action_interfaces/share/action_interfaces/cmake/action_interfaces__rosidl_typesupport_cppExport.cmake
-- Installing: /home/qubot/ros2_ws/install/action_interfaces/share/action_interfaces/cmake/action_interfaces__rosidl_typesupport_cppExport-noconfig.cmake
-- Installing: /home/qubot/ros2_ws/install/action_interfaces/share/action_interfaces/cmake/export_action_interfaces__rosidl_generator_pyExport.cmake
-- Installing: /home/qubot/ros2_ws/install/action_interfaces/share/action_interfaces/cmake/export_action_interfaces__rosidl_generator_pyExport-noconfig.cmake
