running egg_info
creating ../../build/qubot/qubot.egg-info
writing ../../build/qubot/qubot.egg-info/PKG-INFO
writing dependency_links to ../../build/qubot/qubot.egg-info/dependency_links.txt
writing entry points to ../../build/qubot/qubot.egg-info/entry_points.txt
writing requirements to ../../build/qubot/qubot.egg-info/requires.txt
writing top-level names to ../../build/qubot/qubot.egg-info/top_level.txt
writing manifest file '../../build/qubot/qubot.egg-info/SOURCES.txt'
reading manifest file '../../build/qubot/qubot.egg-info/SOURCES.txt'
writing manifest file '../../build/qubot/qubot.egg-info/SOURCES.txt'
running build
running build_py
creating /home/qubot/ros2_ws/build/qubot/build
creating /home/qubot/ros2_ws/build/qubot/build/lib
creating /home/qubot/ros2_ws/build/qubot/build/lib/qubot
copying qubot/utils.py -> /home/qubot/ros2_ws/build/qubot/build/lib/qubot
copying qubot/__init__.py -> /home/qubot/ros2_ws/build/qubot/build/lib/qubot
copying qubot/cmd_mag_subscriber.py -> /home/qubot/ros2_ws/build/qubot/build/lib/qubot
copying qubot/cmd_mag_publisher.py -> /home/qubot/ros2_ws/build/qubot/build/lib/qubot
running install
running install_lib
creating /home/qubot/ros2_ws/install/qubot/lib/python3.10/site-packages/qubot
copying /home/qubot/ros2_ws/build/qubot/build/lib/qubot/utils.py -> /home/qubot/ros2_ws/install/qubot/lib/python3.10/site-packages/qubot
copying /home/qubot/ros2_ws/build/qubot/build/lib/qubot/__init__.py -> /home/qubot/ros2_ws/install/qubot/lib/python3.10/site-packages/qubot
copying /home/qubot/ros2_ws/build/qubot/build/lib/qubot/cmd_mag_subscriber.py -> /home/qubot/ros2_ws/install/qubot/lib/python3.10/site-packages/qubot
copying /home/qubot/ros2_ws/build/qubot/build/lib/qubot/cmd_mag_publisher.py -> /home/qubot/ros2_ws/install/qubot/lib/python3.10/site-packages/qubot
byte-compiling /home/qubot/ros2_ws/install/qubot/lib/python3.10/site-packages/qubot/utils.py to utils.cpython-310.pyc
byte-compiling /home/qubot/ros2_ws/install/qubot/lib/python3.10/site-packages/qubot/__init__.py to __init__.cpython-310.pyc
byte-compiling /home/qubot/ros2_ws/install/qubot/lib/python3.10/site-packages/qubot/cmd_mag_subscriber.py to cmd_mag_subscriber.cpython-310.pyc
byte-compiling /home/qubot/ros2_ws/install/qubot/lib/python3.10/site-packages/qubot/cmd_mag_publisher.py to cmd_mag_publisher.cpython-310.pyc
running install_data
creating /home/qubot/ros2_ws/install/qubot/share/ament_index
creating /home/qubot/ros2_ws/install/qubot/share/ament_index/resource_index
creating /home/qubot/ros2_ws/install/qubot/share/ament_index/resource_index/packages
copying resource/qubot -> /home/qubot/ros2_ws/install/qubot/share/ament_index/resource_index/packages
copying package.xml -> /home/qubot/ros2_ws/install/qubot/share/qubot
running install_egg_info
Copying ../../build/qubot/qubot.egg-info to /home/qubot/ros2_ws/install/qubot/lib/python3.10/site-packages/qubot-0.0.0-py3.10.egg-info
running install_scripts
writing list of installed files to '/home/qubot/ros2_ws/build/qubot/install.log'
