[0.465s] Invoking command in '/home/qubot/ros2_ws/src/qubot': PYTHONPATH=/home/qubot/ros2_ws/build/qubot/prefix_override:/home/qubot/ros2_ws/install/qubot/lib/python3.10/site-packages:/home/qubot/ros2_ws/install/action_interfaces/lib/python3.10/site-packages:/home/qubot/App/Sofa_v23/bulid/lib/python3/site-packages:/home/qubot/ros2_ws/install/my_robot_controller/lib/python3.10/site-packages:/home/qubot/ros2_ws/build/actions_py:/home/qubot/ros2_ws/install/actions_py/lib/python3.10/site-packages:/opt/ros/humble/lib/python3.10/site-packages:/opt/ros/humble/local/lib/python3.10/dist-packages:/home/qubot/App/Sofa_v23/bulid/lib/python3/site-packages /home/qubot/.pyenv/versions/3.10.13/bin/python3.10 setup.py egg_info --egg-base ../../build/qubot build --build-base /home/qubot/ros2_ws/build/qubot/build install --record /home/qubot/ros2_ws/build/qubot/install.log --single-version-externally-managed
[0.616s] running egg_info
[0.616s] creating ../../build/qubot/qubot.egg-info
[0.617s] writing ../../build/qubot/qubot.egg-info/PKG-INFO
[0.617s] writing dependency_links to ../../build/qubot/qubot.egg-info/dependency_links.txt
[0.617s] writing entry points to ../../build/qubot/qubot.egg-info/entry_points.txt
[0.617s] writing requirements to ../../build/qubot/qubot.egg-info/requires.txt
[0.617s] writing top-level names to ../../build/qubot/qubot.egg-info/top_level.txt
[0.617s] writing manifest file '../../build/qubot/qubot.egg-info/SOURCES.txt'
[0.618s] reading manifest file '../../build/qubot/qubot.egg-info/SOURCES.txt'
[0.618s] writing manifest file '../../build/qubot/qubot.egg-info/SOURCES.txt'
[0.618s] running build
[0.618s] running build_py
[0.618s] creating /home/qubot/ros2_ws/build/qubot/build
[0.618s] creating /home/qubot/ros2_ws/build/qubot/build/lib
[0.618s] creating /home/qubot/ros2_ws/build/qubot/build/lib/qubot
[0.618s] copying qubot/utils.py -> /home/qubot/ros2_ws/build/qubot/build/lib/qubot
[0.618s] copying qubot/__init__.py -> /home/qubot/ros2_ws/build/qubot/build/lib/qubot
[0.618s] copying qubot/cmd_mag_subscriber.py -> /home/qubot/ros2_ws/build/qubot/build/lib/qubot
[0.618s] copying qubot/cmd_mag_publisher.py -> /home/qubot/ros2_ws/build/qubot/build/lib/qubot
[0.618s] running install
[0.619s] running install_lib
[0.619s] creating /home/qubot/ros2_ws/install/qubot/lib/python3.10/site-packages/qubot
[0.619s] copying /home/qubot/ros2_ws/build/qubot/build/lib/qubot/utils.py -> /home/qubot/ros2_ws/install/qubot/lib/python3.10/site-packages/qubot
[0.619s] copying /home/qubot/ros2_ws/build/qubot/build/lib/qubot/__init__.py -> /home/qubot/ros2_ws/install/qubot/lib/python3.10/site-packages/qubot
[0.619s] copying /home/qubot/ros2_ws/build/qubot/build/lib/qubot/cmd_mag_subscriber.py -> /home/qubot/ros2_ws/install/qubot/lib/python3.10/site-packages/qubot
[0.619s] copying /home/qubot/ros2_ws/build/qubot/build/lib/qubot/cmd_mag_publisher.py -> /home/qubot/ros2_ws/install/qubot/lib/python3.10/site-packages/qubot
[0.620s] byte-compiling /home/qubot/ros2_ws/install/qubot/lib/python3.10/site-packages/qubot/utils.py to utils.cpython-310.pyc
[0.620s] byte-compiling /home/qubot/ros2_ws/install/qubot/lib/python3.10/site-packages/qubot/__init__.py to __init__.cpython-310.pyc
[0.620s] byte-compiling /home/qubot/ros2_ws/install/qubot/lib/python3.10/site-packages/qubot/cmd_mag_subscriber.py to cmd_mag_subscriber.cpython-310.pyc
[0.620s] byte-compiling /home/qubot/ros2_ws/install/qubot/lib/python3.10/site-packages/qubot/cmd_mag_publisher.py to cmd_mag_publisher.cpython-310.pyc
[0.620s] running install_data
[0.621s] creating /home/qubot/ros2_ws/install/qubot/share/ament_index
[0.621s] creating /home/qubot/ros2_ws/install/qubot/share/ament_index/resource_index
[0.621s] creating /home/qubot/ros2_ws/install/qubot/share/ament_index/resource_index/packages
[0.621s] copying resource/qubot -> /home/qubot/ros2_ws/install/qubot/share/ament_index/resource_index/packages
[0.621s] copying package.xml -> /home/qubot/ros2_ws/install/qubot/share/qubot
[0.621s] running install_egg_info
[0.622s] Copying ../../build/qubot/qubot.egg-info to /home/qubot/ros2_ws/install/qubot/lib/python3.10/site-packages/qubot-0.0.0-py3.10.egg-info
[0.622s] running install_scripts
[0.637s] writing list of installed files to '/home/qubot/ros2_ws/build/qubot/install.log'
[0.652s] Invoked command in '/home/qubot/ros2_ws/src/qubot' returned '0': PYTHONPATH=/home/qubot/ros2_ws/build/qubot/prefix_override:/home/qubot/ros2_ws/install/qubot/lib/python3.10/site-packages:/home/qubot/ros2_ws/install/action_interfaces/lib/python3.10/site-packages:/home/qubot/App/Sofa_v23/bulid/lib/python3/site-packages:/home/qubot/ros2_ws/install/my_robot_controller/lib/python3.10/site-packages:/home/qubot/ros2_ws/build/actions_py:/home/qubot/ros2_ws/install/actions_py/lib/python3.10/site-packages:/opt/ros/humble/lib/python3.10/site-packages:/opt/ros/humble/local/lib/python3.10/dist-packages:/home/qubot/App/Sofa_v23/bulid/lib/python3/site-packages /home/qubot/.pyenv/versions/3.10.13/bin/python3.10 setup.py egg_info --egg-base ../../build/qubot build --build-base /home/qubot/ros2_ws/build/qubot/build install --record /home/qubot/ros2_ws/build/qubot/install.log --single-version-externally-managed
