running egg_info
creating ../../build/components_py/components_py.egg-info
writing ../../build/components_py/components_py.egg-info/PKG-INFO
writing dependency_links to ../../build/components_py/components_py.egg-info/dependency_links.txt
writing entry points to ../../build/components_py/components_py.egg-info/entry_points.txt
writing requirements to ../../build/components_py/components_py.egg-info/requires.txt
writing top-level names to ../../build/components_py/components_py.egg-info/top_level.txt
writing manifest file '../../build/components_py/components_py.egg-info/SOURCES.txt'
reading manifest file '../../build/components_py/components_py.egg-info/SOURCES.txt'
writing manifest file '../../build/components_py/components_py.egg-info/SOURCES.txt'
running build
running build_py
creating /home/qubot/ros2_ws/build/components_py/build
creating /home/qubot/ros2_ws/build/components_py/build/lib
creating /home/qubot/ros2_ws/build/components_py/build/lib/components_py
copying components_py/node2.py -> /home/qubot/ros2_ws/build/components_py/build/lib/components_py
copying components_py/manual_composition.py -> /home/qubot/ros2_ws/build/components_py/build/lib/components_py
copying components_py/__init__.py -> /home/qubot/ros2_ws/build/components_py/build/lib/components_py
copying components_py/node1.py -> /home/qubot/ros2_ws/build/components_py/build/lib/components_py
running install
running install_lib
creating /home/qubot/ros2_ws/install/components_py/lib/python3.10/site-packages/components_py
copying /home/qubot/ros2_ws/build/components_py/build/lib/components_py/node2.py -> /home/qubot/ros2_ws/install/components_py/lib/python3.10/site-packages/components_py
copying /home/qubot/ros2_ws/build/components_py/build/lib/components_py/manual_composition.py -> /home/qubot/ros2_ws/install/components_py/lib/python3.10/site-packages/components_py
copying /home/qubot/ros2_ws/build/components_py/build/lib/components_py/__init__.py -> /home/qubot/ros2_ws/install/components_py/lib/python3.10/site-packages/components_py
copying /home/qubot/ros2_ws/build/components_py/build/lib/components_py/node1.py -> /home/qubot/ros2_ws/install/components_py/lib/python3.10/site-packages/components_py
byte-compiling /home/qubot/ros2_ws/install/components_py/lib/python3.10/site-packages/components_py/node2.py to node2.cpython-310.pyc
byte-compiling /home/qubot/ros2_ws/install/components_py/lib/python3.10/site-packages/components_py/manual_composition.py to manual_composition.cpython-310.pyc
byte-compiling /home/qubot/ros2_ws/install/components_py/lib/python3.10/site-packages/components_py/__init__.py to __init__.cpython-310.pyc
byte-compiling /home/qubot/ros2_ws/install/components_py/lib/python3.10/site-packages/components_py/node1.py to node1.cpython-310.pyc
running install_data
creating /home/qubot/ros2_ws/install/components_py/share/ament_index
creating /home/qubot/ros2_ws/install/components_py/share/ament_index/resource_index
creating /home/qubot/ros2_ws/install/components_py/share/ament_index/resource_index/packages
copying resource/components_py -> /home/qubot/ros2_ws/install/components_py/share/ament_index/resource_index/packages
copying package.xml -> /home/qubot/ros2_ws/install/components_py/share/components_py
running install_egg_info
Copying ../../build/components_py/components_py.egg-info to /home/qubot/ros2_ws/install/components_py/lib/python3.10/site-packages/components_py-0.0.0-py3.10.egg-info
running install_scripts
Installing manual_composition script to /home/qubot/ros2_ws/install/components_py/lib/components_py
writing list of installed files to '/home/qubot/ros2_ws/build/components_py/install.log'
