[0.493s] Invoking command in '/home/qubot/ros2_ws/build/executors_py': PYTHONPATH=/home/qubot/ros2_ws/build/executors_py/prefix_override:/home/qubot/ros2_ws/install/executors_py/lib/python3.10/site-packages:${PYTHONPATH} /home/qubot/.pyenv/versions/3.10.13/bin/python3.10 setup.py develop --editable --build-directory /home/qubot/ros2_ws/build/executors_py/build --no-deps install_data
[0.664s] running develop
[0.741s] running egg_info
[0.741s] creating executors_py.egg-info
[0.741s] writing executors_py.egg-info/PKG-INFO
[0.741s] writing dependency_links to executors_py.egg-info/dependency_links.txt
[0.741s] writing entry points to executors_py.egg-info/entry_points.txt
[0.741s] writing requirements to executors_py.egg-info/requires.txt
[0.741s] writing top-level names to executors_py.egg-info/top_level.txt
[0.741s] writing manifest file 'executors_py.egg-info/SOURCES.txt'
[0.742s] reading manifest file 'executors_py.egg-info/SOURCES.txt'
[0.742s] writing manifest file 'executors_py.egg-info/SOURCES.txt'
[0.743s] running build_ext
[0.743s] Creating /home/qubot/ros2_ws/install/executors_py/lib/python3.10/site-packages/executors-py.egg-link (link to .)
[0.744s] Installing multi_threaded_executor script to /home/qubot/ros2_ws/install/executors_py/lib/executors_py
[0.744s] Installing single_threaded_executor script to /home/qubot/ros2_ws/install/executors_py/lib/executors_py
[0.744s] 
[0.744s] Installed /home/qubot/ros2_ws/build/executors_py
[0.744s] running install_data
[0.744s] creating /home/qubot/ros2_ws/install/executors_py/share/ament_index
[0.744s] creating /home/qubot/ros2_ws/install/executors_py/share/ament_index/resource_index
[0.744s] creating /home/qubot/ros2_ws/install/executors_py/share/ament_index/resource_index/packages
[0.744s] copying resource/executors_py -> /home/qubot/ros2_ws/install/executors_py/share/ament_index/resource_index/packages
[0.744s] copying package.xml -> /home/qubot/ros2_ws/install/executors_py/share/executors_py
[0.762s] Invoked command in '/home/qubot/ros2_ws/build/executors_py' returned '0': PYTHONPATH=/home/qubot/ros2_ws/build/executors_py/prefix_override:/home/qubot/ros2_ws/install/executors_py/lib/python3.10/site-packages:${PYTHONPATH} /home/qubot/.pyenv/versions/3.10.13/bin/python3.10 setup.py develop --editable --build-directory /home/qubot/ros2_ws/build/executors_py/build --no-deps install_data
