[35m[1mConsolidate compiler generated dependencies of target action_interfaces__rosidl_generator_c[0m
[  2%] Built target action_interfaces__cpp
[ 12%] Built target action_interfaces__rosidl_generator_c
[ 12%] Built target ament_cmake_python_symlink_action_interfaces
[35m[1mConsolidate compiler generated dependencies of target action_interfaces__rosidl_typesupport_cpp[0m
[35m[1mConsolidate compiler generated dependencies of target action_interfaces__rosidl_typesupport_fastrtps_cpp[0m
[35m[1mConsolidate compiler generated dependencies of target action_interfaces__rosidl_typesupport_introspection_c[0m
[35m[1mConsolidate compiler generated dependencies of target action_interfaces__rosidl_typesupport_fastrtps_c[0m
[35m[1mConsolidate compiler generated dependencies of target action_interfaces__rosidl_typesupport_c[0m
[35m[1mConsolidate compiler generated dependencies of target action_interfaces__rosidl_typesupport_introspection_cpp[0m
[ 23%] Built target action_interfaces__rosidl_typesupport_cpp
[ 34%] Built target action_interfaces__rosidl_typesupport_fastrtps_cpp
[ 44%] Built target action_interfaces__rosidl_typesupport_introspection_c
[ 55%] Built target action_interfaces__rosidl_typesupport_fastrtps_c
[ 65%] Built target action_interfaces__rosidl_typesupport_c
[ 76%] Built target action_interfaces__rosidl_typesupport_introspection_cpp
[ 76%] Built target action_interfaces
[ 78%] Built target action_interfaces__py
[35m[1mConsolidate compiler generated dependencies of target action_interfaces__rosidl_generator_py[0m
[ 87%] Built target action_interfaces__rosidl_generator_py
[35m[1mConsolidate compiler generated dependencies of target action_interfaces__rosidl_typesupport_fastrtps_c__pyext[0m
[35m[1mConsolidate compiler generated dependencies of target action_interfaces__rosidl_typesupport_c__pyext[0m
[35m[1mConsolidate compiler generated dependencies of target action_interfaces__rosidl_typesupport_introspection_c__pyext[0m
[ 95%] Built target action_interfaces__rosidl_typesupport_fastrtps_c__pyext
[100%] Built target action_interfaces__rosidl_typesupport_c__pyext
[100%] Built target action_interfaces__rosidl_typesupport_introspection_c__pyext
running egg_info
writing action_interfaces.egg-info/PKG-INFO
writing dependency_links to action_interfaces.egg-info/dependency_links.txt
writing top-level names to action_interfaces.egg-info/top_level.txt
reading manifest file 'action_interfaces.egg-info/SOURCES.txt'
writing manifest file 'action_interfaces.egg-info/SOURCES.txt'
[100%] Built target ament_cmake_python_build_action_interfaces_egg
-- Install configuration: ""
-- Execute custom install script
-- Up-to-date symlink: /home/qubot/ros2_ws/install/action_interfaces/share/ament_index/resource_index/rosidl_interfaces/action_interfaces
-- Up-to-date symlink: /home/qubot/ros2_ws/install/action_interfaces/include/action_interfaces/action_interfaces/action/count_until.h
-- Up-to-date symlink: /home/qubot/ros2_ws/install/action_interfaces/include/action_interfaces/action_interfaces/action/detail/count_until__functions.h
-- Up-to-date symlink: /home/qubot/ros2_ws/install/action_interfaces/include/action_interfaces/action_interfaces/action/detail/count_until__struct.h
-- Up-to-date symlink: /home/qubot/ros2_ws/install/action_interfaces/include/action_interfaces/action_interfaces/action/detail/count_until__type_support.h
-- Up-to-date symlink: /home/qubot/ros2_ws/install/action_interfaces/include/action_interfaces/action_interfaces/action/detail/fibonacci__functions.h
-- Up-to-date symlink: /home/qubot/ros2_ws/install/action_interfaces/include/action_interfaces/action_interfaces/action/detail/fibonacci__struct.h
-- Up-to-date symlink: /home/qubot/ros2_ws/install/action_interfaces/include/action_interfaces/action_interfaces/action/detail/fibonacci__type_support.h
-- Up-to-date symlink: /home/qubot/ros2_ws/install/action_interfaces/include/action_interfaces/action_interfaces/action/fibonacci.h
-- Up-to-date symlink: /home/qubot/ros2_ws/install/action_interfaces/include/action_interfaces/action_interfaces/msg/detail/magnetic_spherical__functions.h
-- Up-to-date symlink: /home/qubot/ros2_ws/install/action_interfaces/include/action_interfaces/action_interfaces/msg/detail/magnetic_spherical__struct.h
-- Up-to-date symlink: /home/qubot/ros2_ws/install/action_interfaces/include/action_interfaces/action_interfaces/msg/detail/magnetic_spherical__type_support.h
-- Up-to-date symlink: /home/qubot/ros2_ws/install/action_interfaces/include/action_interfaces/action_interfaces/msg/magnetic_spherical.h
-- Up-to-date symlink: /home/qubot/ros2_ws/install/action_interfaces/include/action_interfaces/action_interfaces/msg/rosidl_generator_c__visibility_control.h
-- Up-to-date symlink: /home/qubot/ros2_ws/install/action_interfaces/share/action_interfaces/environment/library_path.sh
-- Up-to-date symlink: /home/qubot/ros2_ws/install/action_interfaces/share/action_interfaces/environment/library_path.dsv
-- Up-to-date symlink: /home/qubot/ros2_ws/install/action_interfaces/include/action_interfaces/action_interfaces/action/detail/count_until__rosidl_typesupport_fastrtps_c.h
-- Up-to-date symlink: /home/qubot/ros2_ws/install/action_interfaces/include/action_interfaces/action_interfaces/action/detail/fibonacci__rosidl_typesupport_fastrtps_c.h
-- Up-to-date symlink: /home/qubot/ros2_ws/install/action_interfaces/include/action_interfaces/action_interfaces/msg/detail/magnetic_spherical__rosidl_typesupport_fastrtps_c.h
-- Up-to-date symlink: /home/qubot/ros2_ws/install/action_interfaces/include/action_interfaces/action_interfaces/msg/rosidl_typesupport_fastrtps_c__visibility_control.h
-- Up-to-date symlink: /home/qubot/ros2_ws/install/action_interfaces/include/action_interfaces/action_interfaces/action/detail/count_until__rosidl_typesupport_introspection_c.h
-- Up-to-date symlink: /home/qubot/ros2_ws/install/action_interfaces/include/action_interfaces/action_interfaces/action/detail/fibonacci__rosidl_typesupport_introspection_c.h
-- Up-to-date symlink: /home/qubot/ros2_ws/install/action_interfaces/include/action_interfaces/action_interfaces/msg/detail/magnetic_spherical__rosidl_typesupport_introspection_c.h
-- Up-to-date symlink: /home/qubot/ros2_ws/install/action_interfaces/include/action_interfaces/action_interfaces/msg/rosidl_typesupport_introspection_c__visibility_control.h
-- Up-to-date symlink: /home/qubot/ros2_ws/install/action_interfaces/include/action_interfaces/action_interfaces/action/count_until.hpp
-- Up-to-date symlink: /home/qubot/ros2_ws/install/action_interfaces/include/action_interfaces/action_interfaces/action/detail/count_until__builder.hpp
-- Up-to-date symlink: /home/qubot/ros2_ws/install/action_interfaces/include/action_interfaces/action_interfaces/action/detail/count_until__struct.hpp
-- Up-to-date symlink: /home/qubot/ros2_ws/install/action_interfaces/include/action_interfaces/action_interfaces/action/detail/count_until__traits.hpp
-- Up-to-date symlink: /home/qubot/ros2_ws/install/action_interfaces/include/action_interfaces/action_interfaces/action/detail/fibonacci__builder.hpp
-- Up-to-date symlink: /home/qubot/ros2_ws/install/action_interfaces/include/action_interfaces/action_interfaces/action/detail/fibonacci__struct.hpp
-- Up-to-date symlink: /home/qubot/ros2_ws/install/action_interfaces/include/action_interfaces/action_interfaces/action/detail/fibonacci__traits.hpp
-- Up-to-date symlink: /home/qubot/ros2_ws/install/action_interfaces/include/action_interfaces/action_interfaces/action/fibonacci.hpp
-- Up-to-date symlink: /home/qubot/ros2_ws/install/action_interfaces/include/action_interfaces/action_interfaces/msg/detail/magnetic_spherical__builder.hpp
-- Up-to-date symlink: /home/qubot/ros2_ws/install/action_interfaces/include/action_interfaces/action_interfaces/msg/detail/magnetic_spherical__struct.hpp
-- Up-to-date symlink: /home/qubot/ros2_ws/install/action_interfaces/include/action_interfaces/action_interfaces/msg/detail/magnetic_spherical__traits.hpp
-- Up-to-date symlink: /home/qubot/ros2_ws/install/action_interfaces/include/action_interfaces/action_interfaces/msg/magnetic_spherical.hpp
-- Up-to-date symlink: /home/qubot/ros2_ws/install/action_interfaces/include/action_interfaces/action_interfaces/action/detail/count_until__rosidl_typesupport_fastrtps_cpp.hpp
-- Up-to-date symlink: /home/qubot/ros2_ws/install/action_interfaces/include/action_interfaces/action_interfaces/action/detail/fibonacci__rosidl_typesupport_fastrtps_cpp.hpp
-- Up-to-date symlink: /home/qubot/ros2_ws/install/action_interfaces/include/action_interfaces/action_interfaces/msg/detail/magnetic_spherical__rosidl_typesupport_fastrtps_cpp.hpp
-- Up-to-date symlink: /home/qubot/ros2_ws/install/action_interfaces/include/action_interfaces/action_interfaces/msg/rosidl_typesupport_fastrtps_cpp__visibility_control.h
-- Up-to-date symlink: /home/qubot/ros2_ws/install/action_interfaces/include/action_interfaces/action_interfaces/action/detail/count_until__rosidl_typesupport_introspection_cpp.hpp
-- Up-to-date symlink: /home/qubot/ros2_ws/install/action_interfaces/include/action_interfaces/action_interfaces/action/detail/fibonacci__rosidl_typesupport_introspection_cpp.hpp
-- Up-to-date symlink: /home/qubot/ros2_ws/install/action_interfaces/include/action_interfaces/action_interfaces/msg/detail/magnetic_spherical__rosidl_typesupport_introspection_cpp.hpp
-- Up-to-date symlink: /home/qubot/ros2_ws/install/action_interfaces/share/action_interfaces/environment/pythonpath.sh
-- Up-to-date symlink: /home/qubot/ros2_ws/install/action_interfaces/share/action_interfaces/environment/pythonpath.dsv
-- Up-to-date symlink: /home/qubot/ros2_ws/install/action_interfaces/lib/python3.10/site-packages/action_interfaces-0.0.0-py3.10.egg-info/PKG-INFO
-- Up-to-date symlink: /home/qubot/ros2_ws/install/action_interfaces/lib/python3.10/site-packages/action_interfaces-0.0.0-py3.10.egg-info/SOURCES.txt
-- Up-to-date symlink: /home/qubot/ros2_ws/install/action_interfaces/lib/python3.10/site-packages/action_interfaces-0.0.0-py3.10.egg-info/dependency_links.txt
-- Up-to-date symlink: /home/qubot/ros2_ws/install/action_interfaces/lib/python3.10/site-packages/action_interfaces-0.0.0-py3.10.egg-info/top_level.txt
-- Up-to-date symlink: /home/qubot/ros2_ws/install/action_interfaces/lib/python3.10/site-packages/action_interfaces/__init__.py
-- Up-to-date symlink: /home/qubot/ros2_ws/install/action_interfaces/lib/python3.10/site-packages/action_interfaces/_action_interfaces_s.ep.rosidl_typesupport_c.c
-- Up-to-date symlink: /home/qubot/ros2_ws/install/action_interfaces/lib/python3.10/site-packages/action_interfaces/_action_interfaces_s.ep.rosidl_typesupport_fastrtps_c.c
-- Up-to-date symlink: /home/qubot/ros2_ws/install/action_interfaces/lib/python3.10/site-packages/action_interfaces/_action_interfaces_s.ep.rosidl_typesupport_introspection_c.c
-- Up-to-date symlink: /home/qubot/ros2_ws/install/action_interfaces/lib/python3.10/site-packages/action_interfaces/action/__init__.py
-- Up-to-date symlink: /home/qubot/ros2_ws/install/action_interfaces/lib/python3.10/site-packages/action_interfaces/action/_count_until.py
-- Up-to-date symlink: /home/qubot/ros2_ws/install/action_interfaces/lib/python3.10/site-packages/action_interfaces/action/_count_until_s.c
-- Up-to-date symlink: /home/qubot/ros2_ws/install/action_interfaces/lib/python3.10/site-packages/action_interfaces/action/_fibonacci.py
-- Up-to-date symlink: /home/qubot/ros2_ws/install/action_interfaces/lib/python3.10/site-packages/action_interfaces/action/_fibonacci_s.c
-- Up-to-date symlink: /home/qubot/ros2_ws/install/action_interfaces/lib/python3.10/site-packages/action_interfaces/action_interfaces_s__rosidl_typesupport_c.cpython-310-x86_64-linux-gnu.so
-- Up-to-date symlink: /home/qubot/ros2_ws/install/action_interfaces/lib/python3.10/site-packages/action_interfaces/action_interfaces_s__rosidl_typesupport_fastrtps_c.cpython-310-x86_64-linux-gnu.so
-- Up-to-date symlink: /home/qubot/ros2_ws/install/action_interfaces/lib/python3.10/site-packages/action_interfaces/action_interfaces_s__rosidl_typesupport_introspection_c.cpython-310-x86_64-linux-gnu.so
-- Up-to-date symlink: /home/qubot/ros2_ws/install/action_interfaces/lib/python3.10/site-packages/action_interfaces/libaction_interfaces__rosidl_generator_py.so
-- Up-to-date symlink: /home/qubot/ros2_ws/install/action_interfaces/lib/python3.10/site-packages/action_interfaces/msg/__init__.py
-- Up-to-date symlink: /home/qubot/ros2_ws/install/action_interfaces/lib/python3.10/site-packages/action_interfaces/msg/_magnetic_spherical.py
-- Up-to-date symlink: /home/qubot/ros2_ws/install/action_interfaces/lib/python3.10/site-packages/action_interfaces/msg/_magnetic_spherical_s.c
-- Up-to-date symlink: /home/qubot/ros2_ws/install/action_interfaces/lib/python3.10/site-packages/action_interfaces/action_interfaces_s__rosidl_typesupport_fastrtps_c.cpython-310-x86_64-linux-gnu.so
-- Up-to-date symlink: /home/qubot/ros2_ws/install/action_interfaces/lib/python3.10/site-packages/action_interfaces/action_interfaces_s__rosidl_typesupport_introspection_c.cpython-310-x86_64-linux-gnu.so
-- Up-to-date symlink: /home/qubot/ros2_ws/install/action_interfaces/lib/python3.10/site-packages/action_interfaces/action_interfaces_s__rosidl_typesupport_c.cpython-310-x86_64-linux-gnu.so
-- Up-to-date symlink: /home/qubot/ros2_ws/install/action_interfaces/share/action_interfaces/action/Fibonacci.idl
-- Up-to-date symlink: /home/qubot/ros2_ws/install/action_interfaces/share/action_interfaces/action/CountUntil.idl
-- Up-to-date symlink: /home/qubot/ros2_ws/install/action_interfaces/share/action_interfaces/msg/MagneticSpherical.idl
-- Up-to-date symlink: /home/qubot/ros2_ws/install/action_interfaces/share/action_interfaces/action/Fibonacci.action
-- Up-to-date symlink: /home/qubot/ros2_ws/install/action_interfaces/share/action_interfaces/action/CountUntil.action
-- Up-to-date symlink: /home/qubot/ros2_ws/install/action_interfaces/share/action_interfaces/msg/MagneticSpherical.msg
-- Up-to-date symlink: /home/qubot/ros2_ws/install/action_interfaces/share/ament_index/resource_index/package_run_dependencies/action_interfaces
-- Up-to-date symlink: /home/qubot/ros2_ws/install/action_interfaces/share/ament_index/resource_index/parent_prefix_path/action_interfaces
-- Up-to-date symlink: /home/qubot/ros2_ws/install/action_interfaces/share/action_interfaces/environment/ament_prefix_path.sh
-- Up-to-date symlink: /home/qubot/ros2_ws/install/action_interfaces/share/action_interfaces/environment/ament_prefix_path.dsv
-- Up-to-date symlink: /home/qubot/ros2_ws/install/action_interfaces/share/action_interfaces/environment/path.sh
-- Up-to-date symlink: /home/qubot/ros2_ws/install/action_interfaces/share/action_interfaces/environment/path.dsv
-- Up-to-date symlink: /home/qubot/ros2_ws/install/action_interfaces/share/action_interfaces/local_setup.bash
-- Up-to-date symlink: /home/qubot/ros2_ws/install/action_interfaces/share/action_interfaces/local_setup.sh
-- Up-to-date symlink: /home/qubot/ros2_ws/install/action_interfaces/share/action_interfaces/local_setup.zsh
-- Up-to-date symlink: /home/qubot/ros2_ws/install/action_interfaces/share/action_interfaces/local_setup.dsv
-- Symlinking: /home/qubot/ros2_ws/install/action_interfaces/share/action_interfaces/package.dsv
-- Up-to-date symlink: /home/qubot/ros2_ws/install/action_interfaces/share/ament_index/resource_index/packages/action_interfaces
-- Up-to-date symlink: /home/qubot/ros2_ws/install/action_interfaces/share/action_interfaces/cmake/rosidl_cmake-extras.cmake
-- Up-to-date symlink: /home/qubot/ros2_ws/install/action_interfaces/share/action_interfaces/cmake/ament_cmake_export_dependencies-extras.cmake
-- Up-to-date symlink: /home/qubot/ros2_ws/install/action_interfaces/share/action_interfaces/cmake/ament_cmake_export_include_directories-extras.cmake
-- Up-to-date symlink: /home/qubot/ros2_ws/install/action_interfaces/share/action_interfaces/cmake/ament_cmake_export_libraries-extras.cmake
-- Up-to-date symlink: /home/qubot/ros2_ws/install/action_interfaces/share/action_interfaces/cmake/ament_cmake_export_targets-extras.cmake
-- Up-to-date symlink: /home/qubot/ros2_ws/install/action_interfaces/share/action_interfaces/cmake/rosidl_cmake_export_typesupport_targets-extras.cmake
-- Up-to-date symlink: /home/qubot/ros2_ws/install/action_interfaces/share/action_interfaces/cmake/rosidl_cmake_export_typesupport_libraries-extras.cmake
-- Up-to-date symlink: /home/qubot/ros2_ws/install/action_interfaces/share/action_interfaces/cmake/action_interfacesConfig.cmake
-- Up-to-date symlink: /home/qubot/ros2_ws/install/action_interfaces/share/action_interfaces/cmake/action_interfacesConfig-version.cmake
-- Up-to-date symlink: /home/qubot/ros2_ws/install/action_interfaces/share/action_interfaces/package.xml
-- Up-to-date: /home/qubot/ros2_ws/install/action_interfaces/lib/libaction_interfaces__rosidl_generator_c.so
-- Up-to-date: /home/qubot/ros2_ws/install/action_interfaces/lib/libaction_interfaces__rosidl_typesupport_fastrtps_c.so
-- Up-to-date: /home/qubot/ros2_ws/install/action_interfaces/lib/libaction_interfaces__rosidl_typesupport_introspection_c.so
-- Up-to-date: /home/qubot/ros2_ws/install/action_interfaces/lib/libaction_interfaces__rosidl_typesupport_c.so
-- Up-to-date: /home/qubot/ros2_ws/install/action_interfaces/lib/libaction_interfaces__rosidl_typesupport_fastrtps_cpp.so
-- Up-to-date: /home/qubot/ros2_ws/install/action_interfaces/lib/libaction_interfaces__rosidl_typesupport_introspection_cpp.so
-- Up-to-date: /home/qubot/ros2_ws/install/action_interfaces/lib/libaction_interfaces__rosidl_typesupport_cpp.so
Listing '/home/qubot/ros2_ws/install/action_interfaces/lib/python3.10/site-packages/action_interfaces'...
Listing '/home/qubot/ros2_ws/install/action_interfaces/lib/python3.10/site-packages/action_interfaces/action'...
Listing '/home/qubot/ros2_ws/install/action_interfaces/lib/python3.10/site-packages/action_interfaces/msg'...
-- Up-to-date: /home/qubot/ros2_ws/install/action_interfaces/lib/libaction_interfaces__rosidl_generator_py.so
-- Up-to-date: /home/qubot/ros2_ws/install/action_interfaces/share/action_interfaces/cmake/export_action_interfaces__rosidl_generator_cExport.cmake
-- Up-to-date: /home/qubot/ros2_ws/install/action_interfaces/share/action_interfaces/cmake/export_action_interfaces__rosidl_generator_cExport-noconfig.cmake
-- Up-to-date: /home/qubot/ros2_ws/install/action_interfaces/share/action_interfaces/cmake/export_action_interfaces__rosidl_typesupport_fastrtps_cExport.cmake
-- Up-to-date: /home/qubot/ros2_ws/install/action_interfaces/share/action_interfaces/cmake/export_action_interfaces__rosidl_typesupport_fastrtps_cExport-noconfig.cmake
-- Up-to-date: /home/qubot/ros2_ws/install/action_interfaces/share/action_interfaces/cmake/action_interfaces__rosidl_typesupport_introspection_cExport.cmake
-- Up-to-date: /home/qubot/ros2_ws/install/action_interfaces/share/action_interfaces/cmake/action_interfaces__rosidl_typesupport_introspection_cExport-noconfig.cmake
-- Up-to-date: /home/qubot/ros2_ws/install/action_interfaces/share/action_interfaces/cmake/action_interfaces__rosidl_typesupport_cExport.cmake
-- Up-to-date: /home/qubot/ros2_ws/install/action_interfaces/share/action_interfaces/cmake/action_interfaces__rosidl_typesupport_cExport-noconfig.cmake
-- Up-to-date: /home/qubot/ros2_ws/install/action_interfaces/share/action_interfaces/cmake/export_action_interfaces__rosidl_generator_cppExport.cmake
-- Up-to-date: /home/qubot/ros2_ws/install/action_interfaces/share/action_interfaces/cmake/export_action_interfaces__rosidl_typesupport_fastrtps_cppExport.cmake
-- Up-to-date: /home/qubot/ros2_ws/install/action_interfaces/share/action_interfaces/cmake/export_action_interfaces__rosidl_typesupport_fastrtps_cppExport-noconfig.cmake
-- Up-to-date: /home/qubot/ros2_ws/install/action_interfaces/share/action_interfaces/cmake/action_interfaces__rosidl_typesupport_introspection_cppExport.cmake
-- Up-to-date: /home/qubot/ros2_ws/install/action_interfaces/share/action_interfaces/cmake/action_interfaces__rosidl_typesupport_introspection_cppExport-noconfig.cmake
-- Up-to-date: /home/qubot/ros2_ws/install/action_interfaces/share/action_interfaces/cmake/action_interfaces__rosidl_typesupport_cppExport.cmake
-- Up-to-date: /home/qubot/ros2_ws/install/action_interfaces/share/action_interfaces/cmake/action_interfaces__rosidl_typesupport_cppExport-noconfig.cmake
-- Up-to-date: /home/qubot/ros2_ws/install/action_interfaces/share/action_interfaces/cmake/export_action_interfaces__rosidl_generator_pyExport.cmake
-- Up-to-date: /home/qubot/ros2_ws/install/action_interfaces/share/action_interfaces/cmake/export_action_interfaces__rosidl_generator_pyExport-noconfig.cmake
