running develop
running egg_info
creating actions_py.egg-info
writing actions_py.egg-info/PKG-INFO
writing dependency_links to actions_py.egg-info/dependency_links.txt
writing entry points to actions_py.egg-info/entry_points.txt
writing requirements to actions_py.egg-info/requires.txt
writing top-level names to actions_py.egg-info/top_level.txt
writing manifest file 'actions_py.egg-info/SOURCES.txt'
reading manifest file 'actions_py.egg-info/SOURCES.txt'
writing manifest file 'actions_py.egg-info/SOURCES.txt'
running build_ext
Creating /home/qubot/ros2_ws/install/actions_py/lib/python3.10/site-packages/actions-py.egg-link (link to .)
Installing count_until_client script to /home/qubot/ros2_ws/install/actions_py/lib/actions_py
Installing count_until_server script to /home/qubot/ros2_ws/install/actions_py/lib/actions_py

Installed /home/qubot/ros2_ws/build/actions_py
running install_data
creating /home/qubot/ros2_ws/install/actions_py/share/ament_index
creating /home/qubot/ros2_ws/install/actions_py/share/ament_index/resource_index
creating /home/qubot/ros2_ws/install/actions_py/share/ament_index/resource_index/packages
copying resource/actions_py -> /home/qubot/ros2_ws/install/actions_py/share/ament_index/resource_index/packages
copying package.xml -> /home/qubot/ros2_ws/install/actions_py/share/actions_py
