[0.442s] Invoking command in '/home/qubot/ros2_ws/src/qubot': PYTHONPATH=/home/qubot/ros2_ws/build/qubot/prefix_override:/home/qubot/ros2_ws/install/qubot/lib/python3.10/site-packages:/home/qubot/ros2_ws/install/action_interfaces/lib/python3.10/site-packages:/home/qubot/App/Sofa_v23/bulid/lib/python3/site-packages:/home/qubot/ros2_ws/install/qubot/lib/python3.10/site-packages:/opt/ros/humble/lib/python3.10/site-packages:/opt/ros/humble/local/lib/python3.10/dist-packages:/home/qubot/App/Sofa_v23/bulid/lib/python3/site-packages /home/qubot/.pyenv/versions/3.10.13/bin/python3.10 setup.py egg_info --egg-base ../../build/qubot build --build-base /home/qubot/ros2_ws/build/qubot/build install --record /home/qubot/ros2_ws/build/qubot/install.log --single-version-externally-managed
[0.593s] running egg_info
[0.593s] writing ../../build/qubot/qubot.egg-info/PKG-INFO
[0.593s] writing dependency_links to ../../build/qubot/qubot.egg-info/dependency_links.txt
[0.593s] writing entry points to ../../build/qubot/qubot.egg-info/entry_points.txt
[0.593s] writing requirements to ../../build/qubot/qubot.egg-info/requires.txt
[0.593s] writing top-level names to ../../build/qubot/qubot.egg-info/top_level.txt
[0.594s] reading manifest file '../../build/qubot/qubot.egg-info/SOURCES.txt'
[0.595s] writing manifest file '../../build/qubot/qubot.egg-info/SOURCES.txt'
[0.595s] running build
[0.595s] running build_py
[0.595s] running install
[0.595s] running install_lib
[0.596s] running install_data
[0.596s] running install_egg_info
[0.598s] removing '/home/qubot/ros2_ws/install/qubot/lib/python3.10/site-packages/qubot-0.0.0-py3.10.egg-info' (and everything under it)
[0.598s] Copying ../../build/qubot/qubot.egg-info to /home/qubot/ros2_ws/install/qubot/lib/python3.10/site-packages/qubot-0.0.0-py3.10.egg-info
[0.598s] running install_scripts
[0.613s] Installing cmd_mag_publisher script to /home/qubot/ros2_ws/install/qubot/lib/qubot
[0.613s] Installing cmd_mag_subscriber script to /home/qubot/ros2_ws/install/qubot/lib/qubot
[0.613s] writing list of installed files to '/home/qubot/ros2_ws/build/qubot/install.log'
[0.628s] Invoked command in '/home/qubot/ros2_ws/src/qubot' returned '0': PYTHONPATH=/home/qubot/ros2_ws/build/qubot/prefix_override:/home/qubot/ros2_ws/install/qubot/lib/python3.10/site-packages:/home/qubot/ros2_ws/install/action_interfaces/lib/python3.10/site-packages:/home/qubot/App/Sofa_v23/bulid/lib/python3/site-packages:/home/qubot/ros2_ws/install/qubot/lib/python3.10/site-packages:/opt/ros/humble/lib/python3.10/site-packages:/opt/ros/humble/local/lib/python3.10/dist-packages:/home/qubot/App/Sofa_v23/bulid/lib/python3/site-packages /home/qubot/.pyenv/versions/3.10.13/bin/python3.10 setup.py egg_info --egg-base ../../build/qubot build --build-base /home/qubot/ros2_ws/build/qubot/build install --record /home/qubot/ros2_ws/build/qubot/install.log --single-version-externally-managed
