running egg_info
writing ../../build/qubot/qubot.egg-info/PKG-INFO
writing dependency_links to ../../build/qubot/qubot.egg-info/dependency_links.txt
writing entry points to ../../build/qubot/qubot.egg-info/entry_points.txt
writing requirements to ../../build/qubot/qubot.egg-info/requires.txt
writing top-level names to ../../build/qubot/qubot.egg-info/top_level.txt
reading manifest file '../../build/qubot/qubot.egg-info/SOURCES.txt'
writing manifest file '../../build/qubot/qubot.egg-info/SOURCES.txt'
running build
running build_py
copying qubot/cmd_mag_publisher.py -> /home/qubot/ros2_ws/build/qubot/build/lib/qubot
running install
running install_lib
copying /home/qubot/ros2_ws/build/qubot/build/lib/qubot/cmd_mag_publisher.py -> /home/qubot/ros2_ws/install/qubot/lib/python3.10/site-packages/qubot
byte-compiling /home/qubot/ros2_ws/install/qubot/lib/python3.10/site-packages/qubot/cmd_mag_publisher.py to cmd_mag_publisher.cpython-310.pyc
running install_data
running install_egg_info
removing '/home/qubot/ros2_ws/install/qubot/lib/python3.10/site-packages/qubot-0.0.0-py3.10.egg-info' (and everything under it)
Copying ../../build/qubot/qubot.egg-info to /home/qubot/ros2_ws/install/qubot/lib/python3.10/site-packages/qubot-0.0.0-py3.10.egg-info
running install_scripts
Installing cmd_mag_publisher script to /home/qubot/ros2_ws/install/qubot/lib/qubot
Installing cmd_mag_subscriber script to /home/qubot/ros2_ws/install/qubot/lib/qubot
writing list of installed files to '/home/qubot/ros2_ws/build/qubot/install.log'
