[0.038s] Invoking command in '/home/qubot/ros2_ws/build/action_interfaces': CMAKE_PREFIX_PATH=${CMAKE_PREFIX_PATH}:/opt/ros/humble /usr/bin/cmake --build /home/qubot/ros2_ws/build/action_interfaces -- -j16 -l16
[0.066s] [35m[1mConsolidate compiler generated dependencies of target action_interfaces__rosidl_generator_c[0m
[0.071s] [  2%] Built target action_interfaces__cpp
[0.072s] [ 12%] Built target action_interfaces__rosidl_generator_c
[0.077s] [ 12%] Built target ament_cmake_python_symlink_action_interfaces
[0.080s] [35m[1mConsolidate compiler generated dependencies of target action_interfaces__rosidl_typesupport_introspection_cpp[0m
[0.081s] [35m[1mConsolidate compiler generated dependencies of target action_interfaces__rosidl_typesupport_fastrtps_cpp[0m
[0.081s] [35m[1mConsolidate compiler generated dependencies of target action_interfaces__rosidl_typesupport_introspection_c[0m
[0.084s] [35m[1mConsolidate compiler generated dependencies of target action_interfaces__rosidl_typesupport_fastrtps_c[0m
[0.085s] [35m[1mConsolidate compiler generated dependencies of target action_interfaces__rosidl_typesupport_c[0m
[0.086s] [35m[1mConsolidate compiler generated dependencies of target action_interfaces__rosidl_typesupport_cpp[0m
[0.088s] [ 23%] Built target action_interfaces__rosidl_typesupport_introspection_c
[0.089s] [ 34%] Built target action_interfaces__rosidl_typesupport_introspection_cpp
[0.089s] [ 44%] Built target action_interfaces__rosidl_typesupport_fastrtps_cpp
[0.092s] [ 55%] Built target action_interfaces__rosidl_typesupport_fastrtps_c
[0.094s] [ 65%] Built target action_interfaces__rosidl_typesupport_c
[0.096s] [ 76%] Built target action_interfaces__rosidl_typesupport_cpp
[0.108s] [ 76%] Built target action_interfaces
[0.121s] [ 78%] Built target action_interfaces__py
[0.129s] [35m[1mConsolidate compiler generated dependencies of target action_interfaces__rosidl_generator_py[0m
[0.138s] [ 87%] Built target action_interfaces__rosidl_generator_py
[0.144s] [35m[1mConsolidate compiler generated dependencies of target action_interfaces__rosidl_typesupport_fastrtps_c__pyext[0m
[0.145s] [35m[1mConsolidate compiler generated dependencies of target action_interfaces__rosidl_typesupport_c__pyext[0m
[0.145s] [35m[1mConsolidate compiler generated dependencies of target action_interfaces__rosidl_typesupport_introspection_c__pyext[0m
[0.152s] [ 91%] Built target action_interfaces__rosidl_typesupport_fastrtps_c__pyext
[0.152s] [ 95%] Built target action_interfaces__rosidl_typesupport_c__pyext
[0.153s] [100%] Built target action_interfaces__rosidl_typesupport_introspection_c__pyext
[0.236s] running egg_info
[0.236s] writing action_interfaces.egg-info/PKG-INFO
[0.236s] writing dependency_links to action_interfaces.egg-info/dependency_links.txt
[0.236s] writing top-level names to action_interfaces.egg-info/top_level.txt
[0.238s] reading manifest file 'action_interfaces.egg-info/SOURCES.txt'
[0.238s] writing manifest file 'action_interfaces.egg-info/SOURCES.txt'
[0.254s] [100%] Built target ament_cmake_python_build_action_interfaces_egg
[0.263s] Invoked command in '/home/qubot/ros2_ws/build/action_interfaces' returned '0': CMAKE_PREFIX_PATH=${CMAKE_PREFIX_PATH}:/opt/ros/humble /usr/bin/cmake --build /home/qubot/ros2_ws/build/action_interfaces -- -j16 -l16
[0.336s] Invoking command in '/home/qubot/ros2_ws/build/action_interfaces': CMAKE_PREFIX_PATH=${CMAKE_PREFIX_PATH}:/opt/ros/humble /usr/bin/cmake --install /home/qubot/ros2_ws/build/action_interfaces
[0.345s] -- Install configuration: ""
[0.346s] -- Execute custom install script
[0.346s] -- Up-to-date symlink: /home/qubot/ros2_ws/install/action_interfaces/share/ament_index/resource_index/rosidl_interfaces/action_interfaces
[0.346s] -- Up-to-date symlink: /home/qubot/ros2_ws/install/action_interfaces/include/action_interfaces/action_interfaces/action/count_until.h
[0.347s] -- Up-to-date symlink: /home/qubot/ros2_ws/install/action_interfaces/include/action_interfaces/action_interfaces/action/detail/count_until__functions.h
[0.347s] -- Up-to-date symlink: /home/qubot/ros2_ws/install/action_interfaces/include/action_interfaces/action_interfaces/action/detail/count_until__struct.h
[0.347s] -- Up-to-date symlink: /home/qubot/ros2_ws/install/action_interfaces/include/action_interfaces/action_interfaces/action/detail/count_until__type_support.h
[0.347s] -- Up-to-date symlink: /home/qubot/ros2_ws/install/action_interfaces/include/action_interfaces/action_interfaces/action/detail/fibonacci__functions.h
[0.347s] -- Up-to-date symlink: /home/qubot/ros2_ws/install/action_interfaces/include/action_interfaces/action_interfaces/action/detail/fibonacci__struct.h
[0.348s] -- Up-to-date symlink: /home/qubot/ros2_ws/install/action_interfaces/include/action_interfaces/action_interfaces/action/detail/fibonacci__type_support.h
[0.348s] -- Up-to-date symlink: /home/qubot/ros2_ws/install/action_interfaces/include/action_interfaces/action_interfaces/action/fibonacci.h
[0.348s] -- Up-to-date symlink: /home/qubot/ros2_ws/install/action_interfaces/include/action_interfaces/action_interfaces/msg/detail/magnetic_spherical__functions.h
[0.348s] -- Up-to-date symlink: /home/qubot/ros2_ws/install/action_interfaces/include/action_interfaces/action_interfaces/msg/detail/magnetic_spherical__struct.h
[0.348s] -- Up-to-date symlink: /home/qubot/ros2_ws/install/action_interfaces/include/action_interfaces/action_interfaces/msg/detail/magnetic_spherical__type_support.h
[0.348s] -- Up-to-date symlink: /home/qubot/ros2_ws/install/action_interfaces/include/action_interfaces/action_interfaces/msg/magnetic_spherical.h
[0.348s] -- Up-to-date symlink: /home/qubot/ros2_ws/install/action_interfaces/include/action_interfaces/action_interfaces/msg/rosidl_generator_c__visibility_control.h
[0.348s] -- Up-to-date symlink: /home/qubot/ros2_ws/install/action_interfaces/share/action_interfaces/environment/library_path.sh
[0.348s] -- Up-to-date symlink: /home/qubot/ros2_ws/install/action_interfaces/share/action_interfaces/environment/library_path.dsv
[0.348s] -- Up-to-date symlink: /home/qubot/ros2_ws/install/action_interfaces/include/action_interfaces/action_interfaces/action/detail/count_until__rosidl_typesupport_fastrtps_c.h
[0.349s] -- Up-to-date symlink: /home/qubot/ros2_ws/install/action_interfaces/include/action_interfaces/action_interfaces/action/detail/fibonacci__rosidl_typesupport_fastrtps_c.h
[0.349s] -- Up-to-date symlink: /home/qubot/ros2_ws/install/action_interfaces/include/action_interfaces/action_interfaces/msg/detail/magnetic_spherical__rosidl_typesupport_fastrtps_c.h
[0.349s] -- Up-to-date symlink: /home/qubot/ros2_ws/install/action_interfaces/include/action_interfaces/action_interfaces/msg/rosidl_typesupport_fastrtps_c__visibility_control.h
[0.349s] -- Up-to-date symlink: /home/qubot/ros2_ws/install/action_interfaces/include/action_interfaces/action_interfaces/action/detail/count_until__rosidl_typesupport_introspection_c.h
[0.349s] -- Up-to-date symlink: /home/qubot/ros2_ws/install/action_interfaces/include/action_interfaces/action_interfaces/action/detail/fibonacci__rosidl_typesupport_introspection_c.h
[0.349s] -- Up-to-date symlink: /home/qubot/ros2_ws/install/action_interfaces/include/action_interfaces/action_interfaces/msg/detail/magnetic_spherical__rosidl_typesupport_introspection_c.h
[0.349s] -- Up-to-date symlink: /home/qubot/ros2_ws/install/action_interfaces/include/action_interfaces/action_interfaces/msg/rosidl_typesupport_introspection_c__visibility_control.h
[0.349s] -- Up-to-date symlink: /home/qubot/ros2_ws/install/action_interfaces/include/action_interfaces/action_interfaces/action/count_until.hpp
[0.349s] -- Up-to-date symlink: /home/qubot/ros2_ws/install/action_interfaces/include/action_interfaces/action_interfaces/action/detail/count_until__builder.hpp
[0.349s] -- Up-to-date symlink: /home/qubot/ros2_ws/install/action_interfaces/include/action_interfaces/action_interfaces/action/detail/count_until__struct.hpp
[0.349s] -- Up-to-date symlink: /home/qubot/ros2_ws/install/action_interfaces/include/action_interfaces/action_interfaces/action/detail/count_until__traits.hpp
[0.349s] -- Up-to-date symlink: /home/qubot/ros2_ws/install/action_interfaces/include/action_interfaces/action_interfaces/action/detail/fibonacci__builder.hpp
[0.350s] -- Up-to-date symlink: /home/qubot/ros2_ws/install/action_interfaces/include/action_interfaces/action_interfaces/action/detail/fibonacci__struct.hpp
[0.350s] -- Up-to-date symlink: /home/qubot/ros2_ws/install/action_interfaces/include/action_interfaces/action_interfaces/action/detail/fibonacci__traits.hpp
[0.350s] -- Up-to-date symlink: /home/qubot/ros2_ws/install/action_interfaces/include/action_interfaces/action_interfaces/action/fibonacci.hpp
[0.350s] -- Up-to-date symlink: /home/qubot/ros2_ws/install/action_interfaces/include/action_interfaces/action_interfaces/msg/detail/magnetic_spherical__builder.hpp
[0.350s] -- Up-to-date symlink: /home/qubot/ros2_ws/install/action_interfaces/include/action_interfaces/action_interfaces/msg/detail/magnetic_spherical__struct.hpp
[0.350s] -- Up-to-date symlink: /home/qubot/ros2_ws/install/action_interfaces/include/action_interfaces/action_interfaces/msg/detail/magnetic_spherical__traits.hpp
[0.350s] -- Up-to-date symlink: /home/qubot/ros2_ws/install/action_interfaces/include/action_interfaces/action_interfaces/msg/magnetic_spherical.hpp
[0.350s] -- Up-to-date symlink: /home/qubot/ros2_ws/install/action_interfaces/include/action_interfaces/action_interfaces/action/detail/count_until__rosidl_typesupport_fastrtps_cpp.hpp
[0.350s] -- Up-to-date symlink: /home/qubot/ros2_ws/install/action_interfaces/include/action_interfaces/action_interfaces/action/detail/fibonacci__rosidl_typesupport_fastrtps_cpp.hpp
[0.350s] -- Up-to-date symlink: /home/qubot/ros2_ws/install/action_interfaces/include/action_interfaces/action_interfaces/msg/detail/magnetic_spherical__rosidl_typesupport_fastrtps_cpp.hpp
[0.351s] -- Up-to-date symlink: /home/qubot/ros2_ws/install/action_interfaces/include/action_interfaces/action_interfaces/msg/rosidl_typesupport_fastrtps_cpp__visibility_control.h
[0.351s] -- Up-to-date symlink: /home/qubot/ros2_ws/install/action_interfaces/include/action_interfaces/action_interfaces/action/detail/count_until__rosidl_typesupport_introspection_cpp.hpp
[0.351s] -- Up-to-date symlink: /home/qubot/ros2_ws/install/action_interfaces/include/action_interfaces/action_interfaces/action/detail/fibonacci__rosidl_typesupport_introspection_cpp.hpp
[0.351s] -- Up-to-date symlink: /home/qubot/ros2_ws/install/action_interfaces/include/action_interfaces/action_interfaces/msg/detail/magnetic_spherical__rosidl_typesupport_introspection_cpp.hpp
[0.351s] -- Up-to-date symlink: /home/qubot/ros2_ws/install/action_interfaces/share/action_interfaces/environment/pythonpath.sh
[0.351s] -- Up-to-date symlink: /home/qubot/ros2_ws/install/action_interfaces/share/action_interfaces/environment/pythonpath.dsv
[0.351s] -- Up-to-date symlink: /home/qubot/ros2_ws/install/action_interfaces/lib/python3.10/site-packages/action_interfaces-0.0.0-py3.10.egg-info/PKG-INFO
[0.351s] -- Up-to-date symlink: /home/qubot/ros2_ws/install/action_interfaces/lib/python3.10/site-packages/action_interfaces-0.0.0-py3.10.egg-info/SOURCES.txt
[0.351s] -- Up-to-date symlink: /home/qubot/ros2_ws/install/action_interfaces/lib/python3.10/site-packages/action_interfaces-0.0.0-py3.10.egg-info/dependency_links.txt
[0.351s] -- Up-to-date symlink: /home/qubot/ros2_ws/install/action_interfaces/lib/python3.10/site-packages/action_interfaces-0.0.0-py3.10.egg-info/top_level.txt
[0.352s] -- Up-to-date symlink: /home/qubot/ros2_ws/install/action_interfaces/lib/python3.10/site-packages/action_interfaces/__init__.py
[0.352s] -- Up-to-date symlink: /home/qubot/ros2_ws/install/action_interfaces/lib/python3.10/site-packages/action_interfaces/_action_interfaces_s.ep.rosidl_typesupport_c.c
[0.352s] -- Up-to-date symlink: /home/qubot/ros2_ws/install/action_interfaces/lib/python3.10/site-packages/action_interfaces/_action_interfaces_s.ep.rosidl_typesupport_fastrtps_c.c
[0.352s] -- Up-to-date symlink: /home/qubot/ros2_ws/install/action_interfaces/lib/python3.10/site-packages/action_interfaces/_action_interfaces_s.ep.rosidl_typesupport_introspection_c.c
[0.352s] -- Up-to-date symlink: /home/qubot/ros2_ws/install/action_interfaces/lib/python3.10/site-packages/action_interfaces/action/__init__.py
[0.352s] -- Up-to-date symlink: /home/qubot/ros2_ws/install/action_interfaces/lib/python3.10/site-packages/action_interfaces/action/_count_until.py
[0.352s] -- Up-to-date symlink: /home/qubot/ros2_ws/install/action_interfaces/lib/python3.10/site-packages/action_interfaces/action/_count_until_s.c
[0.352s] -- Up-to-date symlink: /home/qubot/ros2_ws/install/action_interfaces/lib/python3.10/site-packages/action_interfaces/action/_fibonacci.py
[0.352s] -- Up-to-date symlink: /home/qubot/ros2_ws/install/action_interfaces/lib/python3.10/site-packages/action_interfaces/action/_fibonacci_s.c
[0.352s] -- Up-to-date symlink: /home/qubot/ros2_ws/install/action_interfaces/lib/python3.10/site-packages/action_interfaces/action_interfaces_s__rosidl_typesupport_c.cpython-310-x86_64-linux-gnu.so
[0.352s] -- Up-to-date symlink: /home/qubot/ros2_ws/install/action_interfaces/lib/python3.10/site-packages/action_interfaces/action_interfaces_s__rosidl_typesupport_fastrtps_c.cpython-310-x86_64-linux-gnu.so
[0.353s] -- Up-to-date symlink: /home/qubot/ros2_ws/install/action_interfaces/lib/python3.10/site-packages/action_interfaces/action_interfaces_s__rosidl_typesupport_introspection_c.cpython-310-x86_64-linux-gnu.so
[0.353s] -- Up-to-date symlink: /home/qubot/ros2_ws/install/action_interfaces/lib/python3.10/site-packages/action_interfaces/libaction_interfaces__rosidl_generator_py.so
[0.353s] -- Up-to-date symlink: /home/qubot/ros2_ws/install/action_interfaces/lib/python3.10/site-packages/action_interfaces/msg/__init__.py
[0.353s] -- Up-to-date symlink: /home/qubot/ros2_ws/install/action_interfaces/lib/python3.10/site-packages/action_interfaces/msg/_magnetic_spherical.py
[0.353s] -- Up-to-date symlink: /home/qubot/ros2_ws/install/action_interfaces/lib/python3.10/site-packages/action_interfaces/msg/_magnetic_spherical_s.c
[0.353s] -- Up-to-date symlink: /home/qubot/ros2_ws/install/action_interfaces/lib/python3.10/site-packages/action_interfaces/action_interfaces_s__rosidl_typesupport_fastrtps_c.cpython-310-x86_64-linux-gnu.so
[0.353s] -- Up-to-date symlink: /home/qubot/ros2_ws/install/action_interfaces/lib/python3.10/site-packages/action_interfaces/action_interfaces_s__rosidl_typesupport_introspection_c.cpython-310-x86_64-linux-gnu.so
[0.353s] -- Up-to-date symlink: /home/qubot/ros2_ws/install/action_interfaces/lib/python3.10/site-packages/action_interfaces/action_interfaces_s__rosidl_typesupport_c.cpython-310-x86_64-linux-gnu.so
[0.353s] -- Up-to-date symlink: /home/qubot/ros2_ws/install/action_interfaces/share/action_interfaces/action/Fibonacci.idl
[0.353s] -- Up-to-date symlink: /home/qubot/ros2_ws/install/action_interfaces/share/action_interfaces/action/CountUntil.idl
[0.353s] -- Up-to-date symlink: /home/qubot/ros2_ws/install/action_interfaces/share/action_interfaces/msg/MagneticSpherical.idl
[0.353s] -- Up-to-date symlink: /home/qubot/ros2_ws/install/action_interfaces/share/action_interfaces/action/Fibonacci.action
[0.353s] -- Up-to-date symlink: /home/qubot/ros2_ws/install/action_interfaces/share/action_interfaces/action/CountUntil.action
[0.354s] -- Up-to-date symlink: /home/qubot/ros2_ws/install/action_interfaces/share/action_interfaces/msg/MagneticSpherical.msg
[0.354s] -- Up-to-date symlink: /home/qubot/ros2_ws/install/action_interfaces/share/ament_index/resource_index/package_run_dependencies/action_interfaces
[0.354s] -- Up-to-date symlink: /home/qubot/ros2_ws/install/action_interfaces/share/ament_index/resource_index/parent_prefix_path/action_interfaces
[0.354s] -- Up-to-date symlink: /home/qubot/ros2_ws/install/action_interfaces/share/action_interfaces/environment/ament_prefix_path.sh
[0.354s] -- Up-to-date symlink: /home/qubot/ros2_ws/install/action_interfaces/share/action_interfaces/environment/ament_prefix_path.dsv
[0.354s] -- Up-to-date symlink: /home/qubot/ros2_ws/install/action_interfaces/share/action_interfaces/environment/path.sh
[0.354s] -- Up-to-date symlink: /home/qubot/ros2_ws/install/action_interfaces/share/action_interfaces/environment/path.dsv
[0.354s] -- Up-to-date symlink: /home/qubot/ros2_ws/install/action_interfaces/share/action_interfaces/local_setup.bash
[0.354s] -- Up-to-date symlink: /home/qubot/ros2_ws/install/action_interfaces/share/action_interfaces/local_setup.sh
[0.354s] -- Up-to-date symlink: /home/qubot/ros2_ws/install/action_interfaces/share/action_interfaces/local_setup.zsh
[0.354s] -- Up-to-date symlink: /home/qubot/ros2_ws/install/action_interfaces/share/action_interfaces/local_setup.dsv
[0.354s] -- Symlinking: /home/qubot/ros2_ws/install/action_interfaces/share/action_interfaces/package.dsv
[0.360s] -- Up-to-date symlink: /home/qubot/ros2_ws/install/action_interfaces/share/ament_index/resource_index/packages/action_interfaces
[0.360s] -- Up-to-date symlink: /home/qubot/ros2_ws/install/action_interfaces/share/action_interfaces/cmake/rosidl_cmake-extras.cmake
[0.360s] -- Up-to-date symlink: /home/qubot/ros2_ws/install/action_interfaces/share/action_interfaces/cmake/ament_cmake_export_dependencies-extras.cmake
[0.360s] -- Up-to-date symlink: /home/qubot/ros2_ws/install/action_interfaces/share/action_interfaces/cmake/ament_cmake_export_include_directories-extras.cmake
[0.360s] -- Up-to-date symlink: /home/qubot/ros2_ws/install/action_interfaces/share/action_interfaces/cmake/ament_cmake_export_libraries-extras.cmake
[0.360s] -- Up-to-date symlink: /home/qubot/ros2_ws/install/action_interfaces/share/action_interfaces/cmake/ament_cmake_export_targets-extras.cmake
[0.360s] -- Up-to-date symlink: /home/qubot/ros2_ws/install/action_interfaces/share/action_interfaces/cmake/rosidl_cmake_export_typesupport_targets-extras.cmake
[0.361s] -- Up-to-date symlink: /home/qubot/ros2_ws/install/action_interfaces/share/action_interfaces/cmake/rosidl_cmake_export_typesupport_libraries-extras.cmake
[0.361s] -- Up-to-date symlink: /home/qubot/ros2_ws/install/action_interfaces/share/action_interfaces/cmake/action_interfacesConfig.cmake
[0.361s] -- Up-to-date symlink: /home/qubot/ros2_ws/install/action_interfaces/share/action_interfaces/cmake/action_interfacesConfig-version.cmake
[0.361s] -- Up-to-date symlink: /home/qubot/ros2_ws/install/action_interfaces/share/action_interfaces/package.xml
[0.361s] -- Up-to-date: /home/qubot/ros2_ws/install/action_interfaces/lib/libaction_interfaces__rosidl_generator_c.so
[0.361s] -- Up-to-date: /home/qubot/ros2_ws/install/action_interfaces/lib/libaction_interfaces__rosidl_typesupport_fastrtps_c.so
[0.361s] -- Up-to-date: /home/qubot/ros2_ws/install/action_interfaces/lib/libaction_interfaces__rosidl_typesupport_introspection_c.so
[0.361s] -- Up-to-date: /home/qubot/ros2_ws/install/action_interfaces/lib/libaction_interfaces__rosidl_typesupport_c.so
[0.362s] -- Up-to-date: /home/qubot/ros2_ws/install/action_interfaces/lib/libaction_interfaces__rosidl_typesupport_fastrtps_cpp.so
[0.362s] -- Up-to-date: /home/qubot/ros2_ws/install/action_interfaces/lib/libaction_interfaces__rosidl_typesupport_introspection_cpp.so
[0.362s] -- Up-to-date: /home/qubot/ros2_ws/install/action_interfaces/lib/libaction_interfaces__rosidl_typesupport_cpp.so
[0.388s] Listing '/home/qubot/ros2_ws/install/action_interfaces/lib/python3.10/site-packages/action_interfaces'...
[0.388s] Listing '/home/qubot/ros2_ws/install/action_interfaces/lib/python3.10/site-packages/action_interfaces/action'...
[0.388s] Listing '/home/qubot/ros2_ws/install/action_interfaces/lib/python3.10/site-packages/action_interfaces/msg'...
[0.391s] -- Up-to-date: /home/qubot/ros2_ws/install/action_interfaces/lib/libaction_interfaces__rosidl_generator_py.so
[0.391s] -- Up-to-date: /home/qubot/ros2_ws/install/action_interfaces/share/action_interfaces/cmake/export_action_interfaces__rosidl_generator_cExport.cmake
[0.391s] -- Up-to-date: /home/qubot/ros2_ws/install/action_interfaces/share/action_interfaces/cmake/export_action_interfaces__rosidl_generator_cExport-noconfig.cmake
[0.391s] -- Up-to-date: /home/qubot/ros2_ws/install/action_interfaces/share/action_interfaces/cmake/export_action_interfaces__rosidl_typesupport_fastrtps_cExport.cmake
[0.391s] -- Up-to-date: /home/qubot/ros2_ws/install/action_interfaces/share/action_interfaces/cmake/export_action_interfaces__rosidl_typesupport_fastrtps_cExport-noconfig.cmake
[0.391s] -- Up-to-date: /home/qubot/ros2_ws/install/action_interfaces/share/action_interfaces/cmake/action_interfaces__rosidl_typesupport_introspection_cExport.cmake
[0.391s] -- Up-to-date: /home/qubot/ros2_ws/install/action_interfaces/share/action_interfaces/cmake/action_interfaces__rosidl_typesupport_introspection_cExport-noconfig.cmake
[0.391s] -- Up-to-date: /home/qubot/ros2_ws/install/action_interfaces/share/action_interfaces/cmake/action_interfaces__rosidl_typesupport_cExport.cmake
[0.391s] -- Up-to-date: /home/qubot/ros2_ws/install/action_interfaces/share/action_interfaces/cmake/action_interfaces__rosidl_typesupport_cExport-noconfig.cmake
[0.392s] -- Up-to-date: /home/qubot/ros2_ws/install/action_interfaces/share/action_interfaces/cmake/export_action_interfaces__rosidl_generator_cppExport.cmake
[0.392s] -- Up-to-date: /home/qubot/ros2_ws/install/action_interfaces/share/action_interfaces/cmake/export_action_interfaces__rosidl_typesupport_fastrtps_cppExport.cmake
[0.392s] -- Up-to-date: /home/qubot/ros2_ws/install/action_interfaces/share/action_interfaces/cmake/export_action_interfaces__rosidl_typesupport_fastrtps_cppExport-noconfig.cmake
[0.392s] -- Up-to-date: /home/qubot/ros2_ws/install/action_interfaces/share/action_interfaces/cmake/action_interfaces__rosidl_typesupport_introspection_cppExport.cmake
[0.392s] -- Up-to-date: /home/qubot/ros2_ws/install/action_interfaces/share/action_interfaces/cmake/action_interfaces__rosidl_typesupport_introspection_cppExport-noconfig.cmake
[0.392s] -- Up-to-date: /home/qubot/ros2_ws/install/action_interfaces/share/action_interfaces/cmake/action_interfaces__rosidl_typesupport_cppExport.cmake
[0.392s] -- Up-to-date: /home/qubot/ros2_ws/install/action_interfaces/share/action_interfaces/cmake/action_interfaces__rosidl_typesupport_cppExport-noconfig.cmake
[0.392s] -- Up-to-date: /home/qubot/ros2_ws/install/action_interfaces/share/action_interfaces/cmake/export_action_interfaces__rosidl_generator_pyExport.cmake
[0.392s] -- Up-to-date: /home/qubot/ros2_ws/install/action_interfaces/share/action_interfaces/cmake/export_action_interfaces__rosidl_generator_pyExport-noconfig.cmake
[0.393s] Invoked command in '/home/qubot/ros2_ws/build/action_interfaces' returned '0': CMAKE_PREFIX_PATH=${CMAKE_PREFIX_PATH}:/opt/ros/humble /usr/bin/cmake --install /home/qubot/ros2_ws/build/action_interfaces
