[0.033s] Invoking command in '/home/qubot/ros2_ws/build/action_interfaces': CMAKE_PREFIX_PATH=${CMAKE_PREFIX_PATH}:/opt/ros/humble /usr/bin/cmake --build /home/qubot/ros2_ws/build/action_interfaces -- -j16 -l16
[0.048s] -- Found ament_cmake: 1.3.7 (/opt/ros/humble/share/ament_cmake/cmake)
[0.146s] -- Override CMake install command with custom implementation using symlinks instead of copying resources
[0.151s] -- Found rosidl_default_generators: 1.2.0 (/opt/ros/humble/share/rosidl_default_generators/cmake)
[0.152s] -- Using all available rosidl_typesupport_c: rosidl_typesupport_fastrtps_c;rosidl_typesupport_introspection_c
[0.154s] -- Found rosidl_adapter: 3.1.5 (/opt/ros/humble/share/rosidl_adapter/cmake)
[0.173s] -- Using all available rosidl_typesupport_cpp: rosidl_typesupport_fastrtps_cpp;rosidl_typesupport_introspection_cpp
[0.445s] -- Found ament_cmake_ros: 0.10.0 (/opt/ros/humble/share/ament_cmake_ros/cmake)
[0.575s] -- Using all available rosidl_typesupport_c: rosidl_typesupport_fastrtps_c;rosidl_typesupport_introspection_c
[0.750s] -- Using all available rosidl_typesupport_cpp: rosidl_typesupport_fastrtps_cpp;rosidl_typesupport_introspection_cpp
[0.765s] -- Found python_cmake_module: 0.10.0 (/opt/ros/humble/share/python_cmake_module/cmake)
[0.780s] -- Using PYTHON_EXECUTABLE: /home/qubot/.pyenv/versions/3.10.13/bin/python3
[0.780s] -- Using PYTHON_INCLUDE_DIRS: /home/qubot/.pyenv/versions/3.10.13/include/python3.10
[0.780s] -- Using PYTHON_LIBRARIES: /home/qubot/.pyenv/versions/3.10.13/lib/libpython3.10.so
[0.892s] -- Using numpy include directory: /home/qubot/.pyenv/versions/3.10.13/lib/python3.10/site-packages/numpy/core/include
[0.900s] -- Found ament_lint_auto: 0.12.10 (/opt/ros/humble/share/ament_lint_auto/cmake)
[0.905s] -- Added test 'lint_cmake' to check CMake code style
[0.906s] -- Added test 'xmllint' to check XML markup files
[0.907s] -- Configuring done
[0.920s] [33mCMake Warning at /opt/ros/humble/share/rosidl_generator_py/cmake/rosidl_generator_py_generate_interfaces.cmake:166 (add_library):
[0.920s]   Cannot generate a safe runtime search path for target
[0.920s]   action_interfaces__rosidl_generator_py because files in some directories
[0.920s]   may conflict with libraries in implicit directories:
[0.920s] 
[0.920s]     runtime library [libpython3.10.so.1.0] in /usr/lib/x86_64-linux-gnu may be hidden by files in:
[0.920s]       /home/qubot/.pyenv/versions/3.10.13/lib
[0.920s] 
[0.921s]   Some of these libraries may not be found correctly.
[0.921s] Call Stack (most recent call first):
[0.921s]   /opt/ros/humble/share/ament_cmake_core/cmake/core/ament_execute_extensions.cmake:48 (include)
[0.921s]   /opt/ros/humble/share/rosidl_cmake/cmake/rosidl_generate_interfaces.cmake:286 (ament_execute_extensions)
[0.921s]   CMakeLists.txt:15 (rosidl_generate_interfaces)
[0.921s] 
[0.921s] [0m
[0.922s] [33mCMake Warning at /opt/ros/humble/share/rosidl_generator_py/cmake/rosidl_generator_py_generate_interfaces.cmake:226 (add_library):
[0.922s]   Cannot generate a safe runtime search path for target
[0.922s]   action_interfaces__rosidl_typesupport_fastrtps_c__pyext because files in
[0.922s]   some directories may conflict with libraries in implicit directories:
[0.922s] 
[0.922s]     runtime library [libpython3.10.so.1.0] in /usr/lib/x86_64-linux-gnu may be hidden by files in:
[0.922s]       /home/qubot/.pyenv/versions/3.10.13/lib
[0.922s] 
[0.922s]   Some of these libraries may not be found correctly.
[0.922s] Call Stack (most recent call first):
[0.922s]   /opt/ros/humble/share/ament_cmake_core/cmake/core/ament_execute_extensions.cmake:48 (include)
[0.922s]   /opt/ros/humble/share/rosidl_cmake/cmake/rosidl_generate_interfaces.cmake:286 (ament_execute_extensions)
[0.922s]   CMakeLists.txt:15 (rosidl_generate_interfaces)
[0.922s] 
[0.922s] [0m
[0.923s] [33mCMake Warning at /opt/ros/humble/share/rosidl_generator_py/cmake/rosidl_generator_py_generate_interfaces.cmake:226 (add_library):
[0.923s]   Cannot generate a safe runtime search path for target
[0.923s]   action_interfaces__rosidl_typesupport_introspection_c__pyext because files
[0.923s]   in some directories may conflict with libraries in implicit directories:
[0.923s] 
[0.923s]     runtime library [libpython3.10.so.1.0] in /usr/lib/x86_64-linux-gnu may be hidden by files in:
[0.923s]       /home/qubot/.pyenv/versions/3.10.13/lib
[0.924s] 
[0.924s]   Some of these libraries may not be found correctly.
[0.924s] Call Stack (most recent call first):
[0.924s]   /opt/ros/humble/share/ament_cmake_core/cmake/core/ament_execute_extensions.cmake:48 (include)
[0.924s]   /opt/ros/humble/share/rosidl_cmake/cmake/rosidl_generate_interfaces.cmake:286 (ament_execute_extensions)
[0.924s]   CMakeLists.txt:15 (rosidl_generate_interfaces)
[0.924s] 
[0.924s] [0m
[0.925s] [33mCMake Warning at /opt/ros/humble/share/rosidl_generator_py/cmake/rosidl_generator_py_generate_interfaces.cmake:226 (add_library):
[0.925s]   Cannot generate a safe runtime search path for target
[0.925s]   action_interfaces__rosidl_typesupport_c__pyext because files in some
[0.925s]   directories may conflict with libraries in implicit directories:
[0.925s] 
[0.925s]     runtime library [libpython3.10.so.1.0] in /usr/lib/x86_64-linux-gnu may be hidden by files in:
[0.925s]       /home/qubot/.pyenv/versions/3.10.13/lib
[0.925s] 
[0.925s]   Some of these libraries may not be found correctly.
[0.925s] Call Stack (most recent call first):
[0.925s]   /opt/ros/humble/share/ament_cmake_core/cmake/core/ament_execute_extensions.cmake:48 (include)
[0.925s]   /opt/ros/humble/share/rosidl_cmake/cmake/rosidl_generate_interfaces.cmake:286 (ament_execute_extensions)
[0.925s]   CMakeLists.txt:15 (rosidl_generate_interfaces)
[0.925s] 
[0.925s] [0m
[0.928s] -- Generating done
[0.929s] -- Build files have been written to: /home/qubot/ros2_ws/build/action_interfaces
[0.944s] [  2%] [34m[1mGenerating C code for ROS interfaces[0m
[0.950s] [  4%] [34m[1mGenerating C++ code for ROS interfaces[0m
[0.954s] [  4%] Built target ament_cmake_python_symlink_action_interfaces
[1.107s] running egg_info
[1.108s] writing action_interfaces.egg-info/PKG-INFO
[1.108s] writing dependency_links to action_interfaces.egg-info/dependency_links.txt
[1.108s] writing top-level names to action_interfaces.egg-info/top_level.txt
[1.110s] reading manifest file 'action_interfaces.egg-info/SOURCES.txt'
[1.110s] writing manifest file 'action_interfaces.egg-info/SOURCES.txt'
[1.126s] [  4%] Built target ament_cmake_python_build_action_interfaces_egg
[1.503s] [  4%] Built target action_interfaces__cpp
[1.510s] [  8%] [34m[1mGenerating C++ type support for eProsima Fast-RTPS[0m
[1.510s] [  8%] [34m[1mGenerating C++ introspection for ROS interfaces[0m
[1.510s] [ 10%] [34m[1mGenerating C++ type support dispatch for ROS interfaces[0m
[1.513s] [35m[1mConsolidate compiler generated dependencies of target action_interfaces__rosidl_generator_c[0m
[1.520s] [ 12%] [32mBuilding C object CMakeFiles/action_interfaces__rosidl_generator_c.dir/rosidl_generator_c/action_interfaces/action/detail/fibonacci__functions.c.o[0m
[1.524s] [ 17%] [32mBuilding C object CMakeFiles/action_interfaces__rosidl_generator_c.dir/rosidl_generator_c/action_interfaces/action/detail/count_until__functions.c.o[0m
[1.524s] [ 17%] [32mBuilding C object CMakeFiles/action_interfaces__rosidl_generator_c.dir/rosidl_generator_c/action_interfaces/msg/detail/magnetic_spherical__functions.c.o[0m
[1.639s] [ 19%] [32m[1mLinking C shared library libaction_interfaces__rosidl_generator_c.so[0m
[1.661s] [ 19%] Built target action_interfaces__rosidl_generator_c
[1.667s] [ 21%] [34m[1mGenerating C introspection for ROS interfaces[0m
[1.671s] [ 25%] [34m[1mGenerating C type support dispatch for ROS interfaces[0m
[1.671s] [ 25%] [34m[1mGenerating C type support for eProsima Fast-RTPS[0m
[1.835s] [35m[1mConsolidate compiler generated dependencies of target action_interfaces__rosidl_typesupport_cpp[0m
[1.849s] [ 31%] [32mBuilding CXX object CMakeFiles/action_interfaces__rosidl_typesupport_cpp.dir/rosidl_typesupport_cpp/action_interfaces/msg/magnetic_spherical__type_support.cpp.o[0m
[1.849s] [ 31%] [32mBuilding CXX object CMakeFiles/action_interfaces__rosidl_typesupport_cpp.dir/rosidl_typesupport_cpp/action_interfaces/action/fibonacci__type_support.cpp.o[0m
[1.850s] [ 31%] [32mBuilding CXX object CMakeFiles/action_interfaces__rosidl_typesupport_cpp.dir/rosidl_typesupport_cpp/action_interfaces/action/count_until__type_support.cpp.o[0m
[1.915s] [35m[1mConsolidate compiler generated dependencies of target action_interfaces__rosidl_typesupport_introspection_cpp[0m
[1.929s] [ 38%] [32mBuilding CXX object CMakeFiles/action_interfaces__rosidl_typesupport_introspection_cpp.dir/rosidl_typesupport_introspection_cpp/action_interfaces/action/detail/fibonacci__type_support.cpp.o[0m
[1.930s] [ 38%] [32mBuilding CXX object CMakeFiles/action_interfaces__rosidl_typesupport_introspection_cpp.dir/rosidl_typesupport_introspection_cpp/action_interfaces/msg/detail/magnetic_spherical__type_support.cpp.o[0m
[1.930s] [ 38%] [32mBuilding CXX object CMakeFiles/action_interfaces__rosidl_typesupport_introspection_cpp.dir/rosidl_typesupport_introspection_cpp/action_interfaces/action/detail/count_until__type_support.cpp.o[0m
[2.012s] [35m[1mConsolidate compiler generated dependencies of target action_interfaces__rosidl_typesupport_fastrtps_cpp[0m
[2.025s] [ 40%] [32mBuilding CXX object CMakeFiles/action_interfaces__rosidl_typesupport_fastrtps_cpp.dir/rosidl_typesupport_fastrtps_cpp/action_interfaces/msg/detail/dds_fastrtps/magnetic_spherical__type_support.cpp.o[0m
[2.027s] [ 44%] [32mBuilding CXX object CMakeFiles/action_interfaces__rosidl_typesupport_fastrtps_cpp.dir/rosidl_typesupport_fastrtps_cpp/action_interfaces/action/detail/dds_fastrtps/count_until__type_support.cpp.o[0m
[2.027s] [ 44%] [32mBuilding CXX object CMakeFiles/action_interfaces__rosidl_typesupport_fastrtps_cpp.dir/rosidl_typesupport_fastrtps_cpp/action_interfaces/action/detail/dds_fastrtps/fibonacci__type_support.cpp.o[0m
[2.113s] [35m[1mConsolidate compiler generated dependencies of target action_interfaces__rosidl_typesupport_introspection_c[0m
[2.126s] [ 46%] [32mBuilding C object CMakeFiles/action_interfaces__rosidl_typesupport_introspection_c.dir/rosidl_typesupport_introspection_c/action_interfaces/action/detail/fibonacci__type_support.c.o[0m
[2.126s] [ 48%] [32mBuilding C object CMakeFiles/action_interfaces__rosidl_typesupport_introspection_c.dir/rosidl_typesupport_introspection_c/action_interfaces/action/detail/count_until__type_support.c.o[0m
[2.127s] [ 51%] [32mBuilding C object CMakeFiles/action_interfaces__rosidl_typesupport_introspection_c.dir/rosidl_typesupport_introspection_c/action_interfaces/msg/detail/magnetic_spherical__type_support.c.o[0m
[2.180s] [ 53%] [32m[1mLinking C shared library libaction_interfaces__rosidl_typesupport_introspection_c.so[0m
[2.214s] [ 53%] Built target action_interfaces__rosidl_typesupport_introspection_c
[2.243s] [35m[1mConsolidate compiler generated dependencies of target action_interfaces__rosidl_typesupport_fastrtps_c[0m
[2.252s] [ 55%] [32mBuilding CXX object CMakeFiles/action_interfaces__rosidl_typesupport_fastrtps_c.dir/rosidl_typesupport_fastrtps_c/action_interfaces/action/detail/fibonacci__type_support_c.cpp.o[0m
[2.252s] [ 57%] [32mBuilding CXX object CMakeFiles/action_interfaces__rosidl_typesupport_fastrtps_c.dir/rosidl_typesupport_fastrtps_c/action_interfaces/action/detail/count_until__type_support_c.cpp.o[0m
[2.256s] [ 59%] [32mBuilding CXX object CMakeFiles/action_interfaces__rosidl_typesupport_fastrtps_c.dir/rosidl_typesupport_fastrtps_c/action_interfaces/msg/detail/magnetic_spherical__type_support_c.cpp.o[0m
[2.323s] [35m[1mConsolidate compiler generated dependencies of target action_interfaces__rosidl_typesupport_c[0m
[2.335s] [ 65%] [32mBuilding CXX object CMakeFiles/action_interfaces__rosidl_typesupport_c.dir/rosidl_typesupport_c/action_interfaces/msg/magnetic_spherical__type_support.cpp.o[0m
[2.335s] [ 65%] [32mBuilding CXX object CMakeFiles/action_interfaces__rosidl_typesupport_c.dir/rosidl_typesupport_c/action_interfaces/action/count_until__type_support.cpp.o[0m
[2.335s] [ 65%] [32mBuilding CXX object CMakeFiles/action_interfaces__rosidl_typesupport_c.dir/rosidl_typesupport_c/action_interfaces/action/fibonacci__type_support.cpp.o[0m
[2.370s] [ 68%] [32m[1mLinking CXX shared library libaction_interfaces__rosidl_typesupport_cpp.so[0m
[2.382s] [ 70%] [32m[1mLinking CXX shared library libaction_interfaces__rosidl_typesupport_c.so[0m
[2.408s] [ 70%] Built target action_interfaces__rosidl_typesupport_cpp
[2.413s] [ 70%] Built target action_interfaces__rosidl_typesupport_c
[2.482s] [ 72%] [32m[1mLinking CXX shared library libaction_interfaces__rosidl_typesupport_fastrtps_c.so[0m
[2.532s] [ 72%] Built target action_interfaces__rosidl_typesupport_fastrtps_c
[2.613s] [ 74%] [32m[1mLinking CXX shared library libaction_interfaces__rosidl_typesupport_introspection_cpp.so[0m
[2.614s] [ 76%] [32m[1mLinking CXX shared library libaction_interfaces__rosidl_typesupport_fastrtps_cpp.so[0m
[2.661s] [ 76%] Built target action_interfaces__rosidl_typesupport_introspection_cpp
[2.661s] [ 76%] Built target action_interfaces__rosidl_typesupport_fastrtps_cpp
[2.673s] [ 76%] Built target action_interfaces
[2.686s] [ 78%] [34m[1mGenerating Python code for ROS interfaces[0m
[3.753s] [ 78%] Built target action_interfaces__py
[3.760s] [35m[1mConsolidate compiler generated dependencies of target action_interfaces__rosidl_generator_py[0m
[3.773s] [ 80%] [32mBuilding C object CMakeFiles/action_interfaces__rosidl_generator_py.dir/rosidl_generator_py/action_interfaces/action/_fibonacci_s.c.o[0m
[3.776s] [ 85%] [32mBuilding C object CMakeFiles/action_interfaces__rosidl_generator_py.dir/rosidl_generator_py/action_interfaces/msg/_magnetic_spherical_s.c.o[0m
[3.776s] [ 85%] [32mBuilding C object CMakeFiles/action_interfaces__rosidl_generator_py.dir/rosidl_generator_py/action_interfaces/action/_count_until_s.c.o[0m
[3.875s] [ 87%] [32m[1mLinking C shared library rosidl_generator_py/action_interfaces/libaction_interfaces__rosidl_generator_py.so[0m
[3.902s] [ 87%] Built target action_interfaces__rosidl_generator_py
[3.908s] [35m[1mConsolidate compiler generated dependencies of target action_interfaces__rosidl_typesupport_fastrtps_c__pyext[0m
[3.908s] [35m[1mConsolidate compiler generated dependencies of target action_interfaces__rosidl_typesupport_introspection_c__pyext[0m
[3.909s] [35m[1mConsolidate compiler generated dependencies of target action_interfaces__rosidl_typesupport_c__pyext[0m
[3.916s] [ 89%] [32mBuilding C object CMakeFiles/action_interfaces__rosidl_typesupport_fastrtps_c__pyext.dir/rosidl_generator_py/action_interfaces/_action_interfaces_s.ep.rosidl_typesupport_fastrtps_c.c.o[0m
[3.916s] [ 93%] [32mBuilding C object CMakeFiles/action_interfaces__rosidl_typesupport_c__pyext.dir/rosidl_generator_py/action_interfaces/_action_interfaces_s.ep.rosidl_typesupport_c.c.o[0m
[3.916s] [ 93%] [32mBuilding C object CMakeFiles/action_interfaces__rosidl_typesupport_introspection_c__pyext.dir/rosidl_generator_py/action_interfaces/_action_interfaces_s.ep.rosidl_typesupport_introspection_c.c.o[0m
[4.005s] [ 97%] [32m[1mLinking C shared library rosidl_generator_py/action_interfaces/action_interfaces_s__rosidl_typesupport_c.cpython-310-x86_64-linux-gnu.so[0m
[4.005s] [ 97%] [32m[1mLinking C shared library rosidl_generator_py/action_interfaces/action_interfaces_s__rosidl_typesupport_introspection_c.cpython-310-x86_64-linux-gnu.so[0m
[4.005s] [100%] [32m[1mLinking C shared library rosidl_generator_py/action_interfaces/action_interfaces_s__rosidl_typesupport_fastrtps_c.cpython-310-x86_64-linux-gnu.so[0m
[4.028s] [100%] Built target action_interfaces__rosidl_typesupport_c__pyext
[4.029s] [100%] Built target action_interfaces__rosidl_typesupport_introspection_c__pyext
[4.029s] [100%] Built target action_interfaces__rosidl_typesupport_fastrtps_c__pyext
[4.035s] Invoked command in '/home/qubot/ros2_ws/build/action_interfaces' returned '0': CMAKE_PREFIX_PATH=${CMAKE_PREFIX_PATH}:/opt/ros/humble /usr/bin/cmake --build /home/qubot/ros2_ws/build/action_interfaces -- -j16 -l16
[4.090s] Invoking command in '/home/qubot/ros2_ws/build/action_interfaces': CMAKE_PREFIX_PATH=${CMAKE_PREFIX_PATH}:/opt/ros/humble /usr/bin/cmake --install /home/qubot/ros2_ws/build/action_interfaces
[4.095s] -- Install configuration: ""
[4.096s] -- Execute custom install script
[4.096s] -- Up-to-date symlink: /home/qubot/ros2_ws/install/action_interfaces/share/ament_index/resource_index/rosidl_interfaces/action_interfaces
[4.097s] -- Up-to-date symlink: /home/qubot/ros2_ws/install/action_interfaces/include/action_interfaces/action_interfaces/action/count_until.h
[4.097s] -- Up-to-date symlink: /home/qubot/ros2_ws/install/action_interfaces/include/action_interfaces/action_interfaces/action/detail/count_until__functions.h
[4.097s] -- Up-to-date symlink: /home/qubot/ros2_ws/install/action_interfaces/include/action_interfaces/action_interfaces/action/detail/count_until__struct.h
[4.098s] -- Up-to-date symlink: /home/qubot/ros2_ws/install/action_interfaces/include/action_interfaces/action_interfaces/action/detail/count_until__type_support.h
[4.098s] -- Up-to-date symlink: /home/qubot/ros2_ws/install/action_interfaces/include/action_interfaces/action_interfaces/action/detail/fibonacci__functions.h
[4.098s] -- Up-to-date symlink: /home/qubot/ros2_ws/install/action_interfaces/include/action_interfaces/action_interfaces/action/detail/fibonacci__struct.h
[4.098s] -- Up-to-date symlink: /home/qubot/ros2_ws/install/action_interfaces/include/action_interfaces/action_interfaces/action/detail/fibonacci__type_support.h
[4.098s] -- Up-to-date symlink: /home/qubot/ros2_ws/install/action_interfaces/include/action_interfaces/action_interfaces/action/fibonacci.h
[4.098s] -- Up-to-date symlink: /home/qubot/ros2_ws/install/action_interfaces/include/action_interfaces/action_interfaces/msg/detail/magnetic_spherical__functions.h
[4.099s] -- Up-to-date symlink: /home/qubot/ros2_ws/install/action_interfaces/include/action_interfaces/action_interfaces/msg/detail/magnetic_spherical__struct.h
[4.099s] -- Up-to-date symlink: /home/qubot/ros2_ws/install/action_interfaces/include/action_interfaces/action_interfaces/msg/detail/magnetic_spherical__type_support.h
[4.099s] -- Up-to-date symlink: /home/qubot/ros2_ws/install/action_interfaces/include/action_interfaces/action_interfaces/msg/magnetic_spherical.h
[4.099s] -- Up-to-date symlink: /home/qubot/ros2_ws/install/action_interfaces/include/action_interfaces/action_interfaces/msg/rosidl_generator_c__visibility_control.h
[4.099s] -- Up-to-date symlink: /home/qubot/ros2_ws/install/action_interfaces/share/action_interfaces/environment/library_path.sh
[4.100s] -- Up-to-date symlink: /home/qubot/ros2_ws/install/action_interfaces/share/action_interfaces/environment/library_path.dsv
[4.100s] -- Up-to-date symlink: /home/qubot/ros2_ws/install/action_interfaces/include/action_interfaces/action_interfaces/action/detail/count_until__rosidl_typesupport_fastrtps_c.h
[4.100s] -- Up-to-date symlink: /home/qubot/ros2_ws/install/action_interfaces/include/action_interfaces/action_interfaces/action/detail/fibonacci__rosidl_typesupport_fastrtps_c.h
[4.100s] -- Up-to-date symlink: /home/qubot/ros2_ws/install/action_interfaces/include/action_interfaces/action_interfaces/msg/detail/magnetic_spherical__rosidl_typesupport_fastrtps_c.h
[4.100s] -- Up-to-date symlink: /home/qubot/ros2_ws/install/action_interfaces/include/action_interfaces/action_interfaces/msg/rosidl_typesupport_fastrtps_c__visibility_control.h
[4.100s] -- Up-to-date symlink: /home/qubot/ros2_ws/install/action_interfaces/include/action_interfaces/action_interfaces/action/detail/count_until__rosidl_typesupport_introspection_c.h
[4.101s] -- Up-to-date symlink: /home/qubot/ros2_ws/install/action_interfaces/include/action_interfaces/action_interfaces/action/detail/fibonacci__rosidl_typesupport_introspection_c.h
[4.101s] -- Up-to-date symlink: /home/qubot/ros2_ws/install/action_interfaces/include/action_interfaces/action_interfaces/msg/detail/magnetic_spherical__rosidl_typesupport_introspection_c.h
[4.101s] -- Up-to-date symlink: /home/qubot/ros2_ws/install/action_interfaces/include/action_interfaces/action_interfaces/msg/rosidl_typesupport_introspection_c__visibility_control.h
[4.101s] -- Up-to-date symlink: /home/qubot/ros2_ws/install/action_interfaces/include/action_interfaces/action_interfaces/action/count_until.hpp
[4.101s] -- Up-to-date symlink: /home/qubot/ros2_ws/install/action_interfaces/include/action_interfaces/action_interfaces/action/detail/count_until__builder.hpp
[4.102s] -- Up-to-date symlink: /home/qubot/ros2_ws/install/action_interfaces/include/action_interfaces/action_interfaces/action/detail/count_until__struct.hpp
[4.102s] -- Up-to-date symlink: /home/qubot/ros2_ws/install/action_interfaces/include/action_interfaces/action_interfaces/action/detail/count_until__traits.hpp
[4.102s] -- Up-to-date symlink: /home/qubot/ros2_ws/install/action_interfaces/include/action_interfaces/action_interfaces/action/detail/fibonacci__builder.hpp
[4.102s] -- Up-to-date symlink: /home/qubot/ros2_ws/install/action_interfaces/include/action_interfaces/action_interfaces/action/detail/fibonacci__struct.hpp
[4.102s] -- Up-to-date symlink: /home/qubot/ros2_ws/install/action_interfaces/include/action_interfaces/action_interfaces/action/detail/fibonacci__traits.hpp
[4.102s] -- Up-to-date symlink: /home/qubot/ros2_ws/install/action_interfaces/include/action_interfaces/action_interfaces/action/fibonacci.hpp
[4.103s] -- Up-to-date symlink: /home/qubot/ros2_ws/install/action_interfaces/include/action_interfaces/action_interfaces/msg/detail/magnetic_spherical__builder.hpp
[4.103s] -- Up-to-date symlink: /home/qubot/ros2_ws/install/action_interfaces/include/action_interfaces/action_interfaces/msg/detail/magnetic_spherical__struct.hpp
[4.103s] -- Up-to-date symlink: /home/qubot/ros2_ws/install/action_interfaces/include/action_interfaces/action_interfaces/msg/detail/magnetic_spherical__traits.hpp
[4.103s] -- Up-to-date symlink: /home/qubot/ros2_ws/install/action_interfaces/include/action_interfaces/action_interfaces/msg/magnetic_spherical.hpp
[4.103s] -- Up-to-date symlink: /home/qubot/ros2_ws/install/action_interfaces/include/action_interfaces/action_interfaces/action/detail/count_until__rosidl_typesupport_fastrtps_cpp.hpp
[4.103s] -- Up-to-date symlink: /home/qubot/ros2_ws/install/action_interfaces/include/action_interfaces/action_interfaces/action/detail/fibonacci__rosidl_typesupport_fastrtps_cpp.hpp
[4.104s] -- Up-to-date symlink: /home/qubot/ros2_ws/install/action_interfaces/include/action_interfaces/action_interfaces/msg/detail/magnetic_spherical__rosidl_typesupport_fastrtps_cpp.hpp
[4.104s] -- Up-to-date symlink: /home/qubot/ros2_ws/install/action_interfaces/include/action_interfaces/action_interfaces/msg/rosidl_typesupport_fastrtps_cpp__visibility_control.h
[4.104s] -- Up-to-date symlink: /home/qubot/ros2_ws/install/action_interfaces/include/action_interfaces/action_interfaces/action/detail/count_until__rosidl_typesupport_introspection_cpp.hpp
[4.104s] -- Up-to-date symlink: /home/qubot/ros2_ws/install/action_interfaces/include/action_interfaces/action_interfaces/action/detail/fibonacci__rosidl_typesupport_introspection_cpp.hpp
[4.104s] -- Up-to-date symlink: /home/qubot/ros2_ws/install/action_interfaces/include/action_interfaces/action_interfaces/msg/detail/magnetic_spherical__rosidl_typesupport_introspection_cpp.hpp
[4.104s] -- Up-to-date symlink: /home/qubot/ros2_ws/install/action_interfaces/share/action_interfaces/environment/pythonpath.sh
[4.104s] -- Up-to-date symlink: /home/qubot/ros2_ws/install/action_interfaces/share/action_interfaces/environment/pythonpath.dsv
[4.104s] -- Up-to-date symlink: /home/qubot/ros2_ws/install/action_interfaces/lib/python3.10/site-packages/action_interfaces-0.0.0-py3.10.egg-info/PKG-INFO
[4.104s] -- Up-to-date symlink: /home/qubot/ros2_ws/install/action_interfaces/lib/python3.10/site-packages/action_interfaces-0.0.0-py3.10.egg-info/SOURCES.txt
[4.104s] -- Up-to-date symlink: /home/qubot/ros2_ws/install/action_interfaces/lib/python3.10/site-packages/action_interfaces-0.0.0-py3.10.egg-info/dependency_links.txt
[4.104s] -- Up-to-date symlink: /home/qubot/ros2_ws/install/action_interfaces/lib/python3.10/site-packages/action_interfaces-0.0.0-py3.10.egg-info/top_level.txt
[4.104s] -- Up-to-date symlink: /home/qubot/ros2_ws/install/action_interfaces/lib/python3.10/site-packages/action_interfaces/__init__.py
[4.105s] -- Up-to-date symlink: /home/qubot/ros2_ws/install/action_interfaces/lib/python3.10/site-packages/action_interfaces/_action_interfaces_s.ep.rosidl_typesupport_c.c
[4.105s] -- Up-to-date symlink: /home/qubot/ros2_ws/install/action_interfaces/lib/python3.10/site-packages/action_interfaces/_action_interfaces_s.ep.rosidl_typesupport_fastrtps_c.c
[4.105s] -- Up-to-date symlink: /home/qubot/ros2_ws/install/action_interfaces/lib/python3.10/site-packages/action_interfaces/_action_interfaces_s.ep.rosidl_typesupport_introspection_c.c
[4.105s] -- Up-to-date symlink: /home/qubot/ros2_ws/install/action_interfaces/lib/python3.10/site-packages/action_interfaces/action/__init__.py
[4.105s] -- Up-to-date symlink: /home/qubot/ros2_ws/install/action_interfaces/lib/python3.10/site-packages/action_interfaces/action/_count_until.py
[4.105s] -- Up-to-date symlink: /home/qubot/ros2_ws/install/action_interfaces/lib/python3.10/site-packages/action_interfaces/action/_count_until_s.c
[4.105s] -- Up-to-date symlink: /home/qubot/ros2_ws/install/action_interfaces/lib/python3.10/site-packages/action_interfaces/action/_fibonacci.py
[4.105s] -- Up-to-date symlink: /home/qubot/ros2_ws/install/action_interfaces/lib/python3.10/site-packages/action_interfaces/action/_fibonacci_s.c
[4.105s] -- Up-to-date symlink: /home/qubot/ros2_ws/install/action_interfaces/lib/python3.10/site-packages/action_interfaces/action_interfaces_s__rosidl_typesupport_c.cpython-310-x86_64-linux-gnu.so
[4.105s] -- Up-to-date symlink: /home/qubot/ros2_ws/install/action_interfaces/lib/python3.10/site-packages/action_interfaces/action_interfaces_s__rosidl_typesupport_fastrtps_c.cpython-310-x86_64-linux-gnu.so
[4.105s] -- Up-to-date symlink: /home/qubot/ros2_ws/install/action_interfaces/lib/python3.10/site-packages/action_interfaces/action_interfaces_s__rosidl_typesupport_introspection_c.cpython-310-x86_64-linux-gnu.so
[4.105s] -- Up-to-date symlink: /home/qubot/ros2_ws/install/action_interfaces/lib/python3.10/site-packages/action_interfaces/libaction_interfaces__rosidl_generator_py.so
[4.105s] -- Up-to-date symlink: /home/qubot/ros2_ws/install/action_interfaces/lib/python3.10/site-packages/action_interfaces/msg/__init__.py
[4.105s] -- Up-to-date symlink: /home/qubot/ros2_ws/install/action_interfaces/lib/python3.10/site-packages/action_interfaces/msg/_magnetic_spherical.py
[4.105s] -- Up-to-date symlink: /home/qubot/ros2_ws/install/action_interfaces/lib/python3.10/site-packages/action_interfaces/msg/_magnetic_spherical_s.c
[4.105s] -- Up-to-date symlink: /home/qubot/ros2_ws/install/action_interfaces/lib/python3.10/site-packages/action_interfaces/action_interfaces_s__rosidl_typesupport_fastrtps_c.cpython-310-x86_64-linux-gnu.so
[4.105s] -- Up-to-date symlink: /home/qubot/ros2_ws/install/action_interfaces/lib/python3.10/site-packages/action_interfaces/action_interfaces_s__rosidl_typesupport_introspection_c.cpython-310-x86_64-linux-gnu.so
[4.105s] -- Up-to-date symlink: /home/qubot/ros2_ws/install/action_interfaces/lib/python3.10/site-packages/action_interfaces/action_interfaces_s__rosidl_typesupport_c.cpython-310-x86_64-linux-gnu.so
[4.105s] -- Up-to-date symlink: /home/qubot/ros2_ws/install/action_interfaces/share/action_interfaces/action/Fibonacci.idl
[4.105s] -- Up-to-date symlink: /home/qubot/ros2_ws/install/action_interfaces/share/action_interfaces/action/CountUntil.idl
[4.105s] -- Up-to-date symlink: /home/qubot/ros2_ws/install/action_interfaces/share/action_interfaces/msg/MagneticSpherical.idl
[4.105s] -- Up-to-date symlink: /home/qubot/ros2_ws/install/action_interfaces/share/action_interfaces/action/Fibonacci.action
[4.105s] -- Up-to-date symlink: /home/qubot/ros2_ws/install/action_interfaces/share/action_interfaces/action/CountUntil.action
[4.106s] -- Up-to-date symlink: /home/qubot/ros2_ws/install/action_interfaces/share/action_interfaces/msg/MagneticSpherical.msg
[4.106s] -- Up-to-date symlink: /home/qubot/ros2_ws/install/action_interfaces/share/ament_index/resource_index/package_run_dependencies/action_interfaces
[4.106s] -- Up-to-date symlink: /home/qubot/ros2_ws/install/action_interfaces/share/ament_index/resource_index/parent_prefix_path/action_interfaces
[4.106s] -- Up-to-date symlink: /home/qubot/ros2_ws/install/action_interfaces/share/action_interfaces/environment/ament_prefix_path.sh
[4.106s] -- Up-to-date symlink: /home/qubot/ros2_ws/install/action_interfaces/share/action_interfaces/environment/ament_prefix_path.dsv
[4.106s] -- Up-to-date symlink: /home/qubot/ros2_ws/install/action_interfaces/share/action_interfaces/environment/path.sh
[4.106s] -- Up-to-date symlink: /home/qubot/ros2_ws/install/action_interfaces/share/action_interfaces/environment/path.dsv
[4.106s] -- Up-to-date symlink: /home/qubot/ros2_ws/install/action_interfaces/share/action_interfaces/local_setup.bash
[4.106s] -- Up-to-date symlink: /home/qubot/ros2_ws/install/action_interfaces/share/action_interfaces/local_setup.sh
[4.106s] -- Up-to-date symlink: /home/qubot/ros2_ws/install/action_interfaces/share/action_interfaces/local_setup.zsh
[4.106s] -- Up-to-date symlink: /home/qubot/ros2_ws/install/action_interfaces/share/action_interfaces/local_setup.dsv
[4.106s] -- Symlinking: /home/qubot/ros2_ws/install/action_interfaces/share/action_interfaces/package.dsv
[4.111s] -- Up-to-date symlink: /home/qubot/ros2_ws/install/action_interfaces/share/ament_index/resource_index/packages/action_interfaces
[4.111s] -- Up-to-date symlink: /home/qubot/ros2_ws/install/action_interfaces/share/action_interfaces/cmake/rosidl_cmake-extras.cmake
[4.111s] -- Up-to-date symlink: /home/qubot/ros2_ws/install/action_interfaces/share/action_interfaces/cmake/ament_cmake_export_dependencies-extras.cmake
[4.111s] -- Up-to-date symlink: /home/qubot/ros2_ws/install/action_interfaces/share/action_interfaces/cmake/ament_cmake_export_include_directories-extras.cmake
[4.111s] -- Up-to-date symlink: /home/qubot/ros2_ws/install/action_interfaces/share/action_interfaces/cmake/ament_cmake_export_libraries-extras.cmake
[4.111s] -- Up-to-date symlink: /home/qubot/ros2_ws/install/action_interfaces/share/action_interfaces/cmake/ament_cmake_export_targets-extras.cmake
[4.112s] -- Up-to-date symlink: /home/qubot/ros2_ws/install/action_interfaces/share/action_interfaces/cmake/rosidl_cmake_export_typesupport_targets-extras.cmake
[4.112s] -- Up-to-date symlink: /home/qubot/ros2_ws/install/action_interfaces/share/action_interfaces/cmake/rosidl_cmake_export_typesupport_libraries-extras.cmake
[4.112s] -- Up-to-date symlink: /home/qubot/ros2_ws/install/action_interfaces/share/action_interfaces/cmake/action_interfacesConfig.cmake
[4.112s] -- Up-to-date symlink: /home/qubot/ros2_ws/install/action_interfaces/share/action_interfaces/cmake/action_interfacesConfig-version.cmake
[4.112s] -- Up-to-date symlink: /home/qubot/ros2_ws/install/action_interfaces/share/action_interfaces/package.xml
[4.112s] -- Installing: /home/qubot/ros2_ws/install/action_interfaces/lib/libaction_interfaces__rosidl_generator_c.so
[4.113s] -- Set runtime path of "/home/qubot/ros2_ws/install/action_interfaces/lib/libaction_interfaces__rosidl_generator_c.so" to ""
[4.113s] -- Installing: /home/qubot/ros2_ws/install/action_interfaces/lib/libaction_interfaces__rosidl_typesupport_fastrtps_c.so
[4.113s] -- Set runtime path of "/home/qubot/ros2_ws/install/action_interfaces/lib/libaction_interfaces__rosidl_typesupport_fastrtps_c.so" to ""
[4.113s] -- Installing: /home/qubot/ros2_ws/install/action_interfaces/lib/libaction_interfaces__rosidl_typesupport_introspection_c.so
[4.113s] -- Set runtime path of "/home/qubot/ros2_ws/install/action_interfaces/lib/libaction_interfaces__rosidl_typesupport_introspection_c.so" to ""
[4.113s] -- Installing: /home/qubot/ros2_ws/install/action_interfaces/lib/libaction_interfaces__rosidl_typesupport_c.so
[4.113s] -- Set runtime path of "/home/qubot/ros2_ws/install/action_interfaces/lib/libaction_interfaces__rosidl_typesupport_c.so" to ""
[4.114s] -- Installing: /home/qubot/ros2_ws/install/action_interfaces/lib/libaction_interfaces__rosidl_typesupport_fastrtps_cpp.so
[4.114s] -- Set runtime path of "/home/qubot/ros2_ws/install/action_interfaces/lib/libaction_interfaces__rosidl_typesupport_fastrtps_cpp.so" to ""
[4.114s] -- Installing: /home/qubot/ros2_ws/install/action_interfaces/lib/libaction_interfaces__rosidl_typesupport_introspection_cpp.so
[4.114s] -- Set runtime path of "/home/qubot/ros2_ws/install/action_interfaces/lib/libaction_interfaces__rosidl_typesupport_introspection_cpp.so" to ""
[4.114s] -- Installing: /home/qubot/ros2_ws/install/action_interfaces/lib/libaction_interfaces__rosidl_typesupport_cpp.so
[4.114s] -- Set runtime path of "/home/qubot/ros2_ws/install/action_interfaces/lib/libaction_interfaces__rosidl_typesupport_cpp.so" to ""
[4.152s] Listing '/home/qubot/ros2_ws/install/action_interfaces/lib/python3.10/site-packages/action_interfaces'...
[4.152s] Compiling '/home/qubot/ros2_ws/install/action_interfaces/lib/python3.10/site-packages/action_interfaces/__init__.py'...
[4.152s] Listing '/home/qubot/ros2_ws/install/action_interfaces/lib/python3.10/site-packages/action_interfaces/action'...
[4.152s] Compiling '/home/qubot/ros2_ws/install/action_interfaces/lib/python3.10/site-packages/action_interfaces/action/__init__.py'...
[4.153s] Compiling '/home/qubot/ros2_ws/install/action_interfaces/lib/python3.10/site-packages/action_interfaces/action/_count_until.py'...
[4.153s] Compiling '/home/qubot/ros2_ws/install/action_interfaces/lib/python3.10/site-packages/action_interfaces/action/_fibonacci.py'...
[4.153s] Listing '/home/qubot/ros2_ws/install/action_interfaces/lib/python3.10/site-packages/action_interfaces/msg'...
[4.153s] Compiling '/home/qubot/ros2_ws/install/action_interfaces/lib/python3.10/site-packages/action_interfaces/msg/__init__.py'...
[4.153s] Compiling '/home/qubot/ros2_ws/install/action_interfaces/lib/python3.10/site-packages/action_interfaces/msg/_magnetic_spherical.py'...
[4.156s] -- Installing: /home/qubot/ros2_ws/install/action_interfaces/lib/libaction_interfaces__rosidl_generator_py.so
[4.156s] -- Set runtime path of "/home/qubot/ros2_ws/install/action_interfaces/lib/libaction_interfaces__rosidl_generator_py.so" to ""
[4.156s] -- Up-to-date: /home/qubot/ros2_ws/install/action_interfaces/share/action_interfaces/cmake/export_action_interfaces__rosidl_generator_cExport.cmake
[4.156s] -- Up-to-date: /home/qubot/ros2_ws/install/action_interfaces/share/action_interfaces/cmake/export_action_interfaces__rosidl_generator_cExport-noconfig.cmake
[4.156s] -- Up-to-date: /home/qubot/ros2_ws/install/action_interfaces/share/action_interfaces/cmake/export_action_interfaces__rosidl_typesupport_fastrtps_cExport.cmake
[4.156s] -- Up-to-date: /home/qubot/ros2_ws/install/action_interfaces/share/action_interfaces/cmake/export_action_interfaces__rosidl_typesupport_fastrtps_cExport-noconfig.cmake
[4.156s] -- Up-to-date: /home/qubot/ros2_ws/install/action_interfaces/share/action_interfaces/cmake/action_interfaces__rosidl_typesupport_introspection_cExport.cmake
[4.156s] -- Up-to-date: /home/qubot/ros2_ws/install/action_interfaces/share/action_interfaces/cmake/action_interfaces__rosidl_typesupport_introspection_cExport-noconfig.cmake
[4.156s] -- Up-to-date: /home/qubot/ros2_ws/install/action_interfaces/share/action_interfaces/cmake/action_interfaces__rosidl_typesupport_cExport.cmake
[4.156s] -- Up-to-date: /home/qubot/ros2_ws/install/action_interfaces/share/action_interfaces/cmake/action_interfaces__rosidl_typesupport_cExport-noconfig.cmake
[4.156s] -- Up-to-date: /home/qubot/ros2_ws/install/action_interfaces/share/action_interfaces/cmake/export_action_interfaces__rosidl_generator_cppExport.cmake
[4.156s] -- Up-to-date: /home/qubot/ros2_ws/install/action_interfaces/share/action_interfaces/cmake/export_action_interfaces__rosidl_typesupport_fastrtps_cppExport.cmake
[4.156s] -- Up-to-date: /home/qubot/ros2_ws/install/action_interfaces/share/action_interfaces/cmake/export_action_interfaces__rosidl_typesupport_fastrtps_cppExport-noconfig.cmake
[4.156s] -- Up-to-date: /home/qubot/ros2_ws/install/action_interfaces/share/action_interfaces/cmake/action_interfaces__rosidl_typesupport_introspection_cppExport.cmake
[4.156s] -- Up-to-date: /home/qubot/ros2_ws/install/action_interfaces/share/action_interfaces/cmake/action_interfaces__rosidl_typesupport_introspection_cppExport-noconfig.cmake
[4.156s] -- Up-to-date: /home/qubot/ros2_ws/install/action_interfaces/share/action_interfaces/cmake/action_interfaces__rosidl_typesupport_cppExport.cmake
[4.156s] -- Up-to-date: /home/qubot/ros2_ws/install/action_interfaces/share/action_interfaces/cmake/action_interfaces__rosidl_typesupport_cppExport-noconfig.cmake
[4.156s] -- Up-to-date: /home/qubot/ros2_ws/install/action_interfaces/share/action_interfaces/cmake/export_action_interfaces__rosidl_generator_pyExport.cmake
[4.156s] -- Up-to-date: /home/qubot/ros2_ws/install/action_interfaces/share/action_interfaces/cmake/export_action_interfaces__rosidl_generator_pyExport-noconfig.cmake
[4.158s] Invoked command in '/home/qubot/ros2_ws/build/action_interfaces' returned '0': CMAKE_PREFIX_PATH=${CMAKE_PREFIX_PATH}:/opt/ros/humble /usr/bin/cmake --install /home/qubot/ros2_ws/build/action_interfaces
